{"/home/travis/build/npmtest/node-npmtest-node-cache/test.js":{"path":"/home/travis/build/npmtest/node-npmtest-node-cache/test.js","s":{"1":2,"2":2,"3":2,"4":2,"5":2,"6":2,"7":2,"8":1,"9":2,"10":2,"11":1,"12":1,"13":1,"14":1,"15":2,"16":2,"17":2,"18":2,"19":1,"20":1,"21":2,"22":2,"23":2,"24":1,"25":1,"26":1,"27":1,"28":1,"29":1,"30":1,"31":1,"32":1,"33":1,"34":1,"35":1,"36":1,"37":1,"38":1,"39":2,"40":2,"41":1,"42":2,"43":2,"44":1,"45":2,"46":2,"47":1,"48":2,"49":2,"50":1,"51":1,"52":1,"53":1,"54":1},"b":{"1":[2,1,1,1],"2":[1,1,1,1],"3":[1,1],"4":[1,1],"5":[1,1],"6":[1,1],"7":[1,1],"8":[1,1],"9":[1,1],"10":[1,1,1],"11":[1,1],"12":[1,1],"13":[1,1],"14":[1,1],"15":[1,1],"16":[1,1],"17":[1,1]},"f":{"1":2,"2":2,"3":2,"4":2,"5":2,"6":1,"7":1,"8":1,"9":2,"10":2,"11":2,"12":2,"13":1},"fnMap":{"1":{"name":"(anonymous_1)","line":12,"loc":{"start":{"line":12,"column":1},"end":{"line":12,"column":13}}},"2":{"name":"(anonymous_2)","line":19,"loc":{"start":{"line":19,"column":5},"end":{"line":19,"column":17}}},"3":{"name":"(anonymous_3)","line":23,"loc":{"start":{"line":23,"column":24},"end":{"line":23,"column":36}}},"4":{"name":"(anonymous_4)","line":61,"loc":{"start":{"line":61,"column":5},"end":{"line":61,"column":17}}},"5":{"name":"(anonymous_5)","line":82,"loc":{"start":{"line":82,"column":5},"end":{"line":82,"column":17}}},"6":{"name":"(anonymous_6)","line":91,"loc":{"start":{"line":91,"column":77},"end":{"line":94,"column":10}}},"7":{"name":"(anonymous_7)","line":112,"loc":{"start":{"line":112,"column":83},"end":{"line":115,"column":10}},"skip":true},"8":{"name":"(anonymous_8)","line":123,"loc":{"start":{"line":123,"column":77},"end":{"line":126,"column":10}},"skip":true},"9":{"name":"(anonymous_9)","line":139,"loc":{"start":{"line":139,"column":12},"end":{"line":139,"column":40}},"skip":true},"10":{"name":"(anonymous_10)","line":147,"loc":{"start":{"line":147,"column":77},"end":{"line":150,"column":10}},"skip":true},"11":{"name":"(anonymous_11)","line":158,"loc":{"start":{"line":158,"column":83},"end":{"line":161,"column":10}},"skip":true},"12":{"name":"(anonymous_12)","line":169,"loc":{"start":{"line":169,"column":79},"end":{"line":172,"column":10}},"skip":true},"13":{"name":"(anonymous_13)","line":180,"loc":{"start":{"line":180,"column":75},"end":{"line":183,"column":10}},"skip":true}},"statementMap":{"1":{"start":{"line":12,"column":0},"end":{"line":195,"column":5}},"2":{"start":{"line":14,"column":4},"end":{"line":14,"column":14}},"3":{"start":{"line":19,"column":4},"end":{"line":56,"column":9}},"4":{"start":{"line":21,"column":8},"end":{"line":21,"column":19}},"5":{"start":{"line":23,"column":8},"end":{"line":35,"column":13}},"6":{"start":{"line":24,"column":12},"end":{"line":34,"column":13}},"7":{"start":{"line":25,"column":16},"end":{"line":28,"column":30}},"8":{"start":{"line":30,"column":16},"end":{"line":33,"column":27}},"9":{"start":{"line":37,"column":8},"end":{"line":39,"column":21}},"10":{"start":{"line":40,"column":8},"end":{"line":53,"column":9}},"11":{"start":{"line":43,"column":12},"end":{"line":46,"column":14}},"12":{"start":{"line":47,"column":12},"end":{"line":47,"column":18}},"13":{"start":{"line":50,"column":12},"end":{"line":51,"column":46}},"14":{"start":{"line":52,"column":12},"end":{"line":52,"column":18}},"15":{"start":{"line":55,"column":8},"end":{"line":55,"column":35}},"16":{"start":{"line":61,"column":4},"end":{"line":63,"column":9}},"17":{"start":{"line":62,"column":8},"end":{"line":62,"column":15}},"18":{"start":{"line":64,"column":4},"end":{"line":77,"column":5}},"19":{"start":{"line":70,"column":8},"end":{"line":70,"column":14}},"20":{"start":{"line":76,"column":8},"end":{"line":76,"column":14}},"21":{"start":{"line":82,"column":4},"end":{"line":84,"column":9}},"22":{"start":{"line":83,"column":8},"end":{"line":83,"column":15}},"23":{"start":{"line":85,"column":4},"end":{"line":194,"column":5}},"24":{"start":{"line":91,"column":8},"end":{"line":99,"column":10}},"25":{"start":{"line":98,"column":12},"end":{"line":98,"column":35}},"26":{"start":{"line":102,"column":8},"end":{"line":104,"column":63}},"27":{"start":{"line":105,"column":8},"end":{"line":105,"column":14}},"28":{"start":{"line":112,"column":8},"end":{"line":121,"column":10},"skip":true},"29":{"start":{"line":119,"column":12},"end":{"line":119,"column":55},"skip":true},"30":{"start":{"line":120,"column":12},"end":{"line":120,"column":48},"skip":true},"31":{"start":{"line":123,"column":8},"end":{"line":136,"column":10},"skip":true},"32":{"start":{"line":130,"column":12},"end":{"line":130,"column":76},"skip":true},"33":{"start":{"line":131,"column":12},"end":{"line":131,"column":73},"skip":true},"34":{"start":{"line":132,"column":12},"end":{"line":132,"column":74},"skip":true},"35":{"start":{"line":133,"column":12},"end":{"line":133,"column":79},"skip":true},"36":{"start":{"line":134,"column":12},"end":{"line":134,"column":25},"skip":true},"37":{"start":{"line":135,"column":12},"end":{"line":135,"column":45},"skip":true},"38":{"start":{"line":138,"column":8},"end":{"line":145,"column":14},"skip":true},"39":{"start":{"line":143,"column":16},"end":{"line":143,"column":29},"skip":true},"40":{"start":{"line":144,"column":16},"end":{"line":144,"column":55},"skip":true},"41":{"start":{"line":147,"column":8},"end":{"line":156,"column":10},"skip":true},"42":{"start":{"line":154,"column":12},"end":{"line":154,"column":25},"skip":true},"43":{"start":{"line":155,"column":12},"end":{"line":155,"column":45},"skip":true},"44":{"start":{"line":158,"column":8},"end":{"line":167,"column":10},"skip":true},"45":{"start":{"line":165,"column":12},"end":{"line":165,"column":25},"skip":true},"46":{"start":{"line":166,"column":12},"end":{"line":166,"column":48},"skip":true},"47":{"start":{"line":169,"column":8},"end":{"line":178,"column":10},"skip":true},"48":{"start":{"line":176,"column":12},"end":{"line":176,"column":25},"skip":true},"49":{"start":{"line":177,"column":12},"end":{"line":177,"column":46},"skip":true},"50":{"start":{"line":180,"column":8},"end":{"line":189,"column":10},"skip":true},"51":{"start":{"line":187,"column":12},"end":{"line":187,"column":94},"skip":true},"52":{"start":{"line":188,"column":12},"end":{"line":188,"column":48},"skip":true},"53":{"start":{"line":192,"column":8},"end":{"line":192,"column":35},"skip":true},"54":{"start":{"line":193,"column":8},"end":{"line":193,"column":14},"skip":true}},"branchMap":{"1":{"line":25,"type":"binary-expr","locations":[{"start":{"line":25,"column":23},"end":{"line":25,"column":62}},{"start":{"line":26,"column":20},"end":{"line":26,"column":70}},{"start":{"line":27,"column":20},"end":{"line":27,"column":71}},{"start":{"line":28,"column":20},"end":{"line":28,"column":29}}]},"2":{"line":30,"type":"binary-expr","locations":[{"start":{"line":30,"column":23},"end":{"line":30,"column":37}},{"start":{"line":31,"column":20},"end":{"line":31,"column":61}},{"start":{"line":32,"column":20},"end":{"line":32,"column":70}},{"start":{"line":33,"column":20},"end":{"line":33,"column":26}}]},"3":{"line":37,"type":"cond-expr","locations":[{"start":{"line":38,"column":14},"end":{"line":38,"column":20}},{"start":{"line":39,"column":14},"end":{"line":39,"column":20}}]},"4":{"line":40,"type":"switch","locations":[{"start":{"line":42,"column":8},"end":{"line":47,"column":18}},{"start":{"line":49,"column":8},"end":{"line":52,"column":18}}]},"5":{"line":44,"type":"binary-expr","locations":[{"start":{"line":44,"column":16},"end":{"line":44,"column":44}},{"start":{"line":44,"column":48},"end":{"line":44,"column":66}}]},"6":{"line":50,"type":"binary-expr","locations":[{"start":{"line":50,"column":21},"end":{"line":50,"column":49}},{"start":{"line":50,"column":53},"end":{"line":50,"column":72}}]},"7":{"line":64,"type":"switch","locations":[{"start":{"line":69,"column":4},"end":{"line":70,"column":14}},{"start":{"line":75,"column":4},"end":{"line":76,"column":14}}]},"8":{"line":85,"type":"switch","locations":[{"start":{"line":90,"column":4},"end":{"line":105,"column":14}},{"start":{"line":111,"column":4},"end":{"line":193,"column":14},"skip":true}]},"9":{"line":91,"type":"binary-expr","locations":[{"start":{"line":91,"column":42},"end":{"line":91,"column":73}},{"start":{"line":91,"column":77},"end":{"line":99,"column":9}}]},"10":{"line":102,"type":"binary-expr","locations":[{"start":{"line":102,"column":18},"end":{"line":102,"column":32}},{"start":{"line":103,"column":12},"end":{"line":103,"column":53}},{"start":{"line":104,"column":12},"end":{"line":104,"column":61}}]},"11":{"line":112,"type":"binary-expr","locations":[{"start":{"line":112,"column":45},"end":{"line":112,"column":79},"skip":true},{"start":{"line":112,"column":83},"end":{"line":121,"column":9},"skip":true}]},"12":{"line":123,"type":"binary-expr","locations":[{"start":{"line":123,"column":42},"end":{"line":123,"column":73},"skip":true},{"start":{"line":123,"column":77},"end":{"line":136,"column":9},"skip":true}]},"13":{"line":138,"type":"binary-expr","locations":[{"start":{"line":138,"column":48},"end":{"line":138,"column":85},"skip":true},{"start":{"line":139,"column":12},"end":{"line":145,"column":13},"skip":true}]},"14":{"line":147,"type":"binary-expr","locations":[{"start":{"line":147,"column":42},"end":{"line":147,"column":73},"skip":true},{"start":{"line":147,"column":77},"end":{"line":156,"column":9},"skip":true}]},"15":{"line":158,"type":"binary-expr","locations":[{"start":{"line":158,"column":45},"end":{"line":158,"column":79},"skip":true},{"start":{"line":158,"column":83},"end":{"line":167,"column":9},"skip":true}]},"16":{"line":169,"type":"binary-expr","locations":[{"start":{"line":169,"column":43},"end":{"line":169,"column":75},"skip":true},{"start":{"line":169,"column":79},"end":{"line":178,"column":9},"skip":true}]},"17":{"line":180,"type":"binary-expr","locations":[{"start":{"line":180,"column":41},"end":{"line":180,"column":71},"skip":true},{"start":{"line":180,"column":75},"end":{"line":189,"column":9},"skip":true}]}},"code":["/* istanbul instrument in package npmtest_node_cache */","/*jslint","    bitwise: true,","    browser: true,","    maxerr: 8,","    maxlen: 96,","    node: true,","    nomen: true,","    regexp: true,","    stupid: true","*/","(function () {","    'use strict';","    var local;","","","","    // run shared js-env code - pre-init","    (function () {","        // init local","        local = {};","        // init modeJs","        local.modeJs = (function () {","            try {","                return typeof navigator.userAgent === 'string' &&","                    typeof document.querySelector('body') === 'object' &&","                    typeof XMLHttpRequest.prototype.open === 'function' &&","                    'browser';","            } catch (errorCaughtBrowser) {","                return module.exports &&","                    typeof process.versions.node === 'string' &&","                    typeof require('http').createServer === 'function' &&","                    'node';","            }","        }());","        // init global","        local.global = local.modeJs === 'browser'","            ? window","            : global;","        switch (local.modeJs) {","        // re-init local from window.local","        case 'browser':","            local = local.global.utility2.objectSetDefault(","                local.global.utility2_rollup || local.global.local,","                local.global.utility2","            );","            break;","        // re-init local from example.js","        case 'node':","            local = (local.global.utility2_rollup || require('utility2'))","                .requireExampleJsFromReadme();","            break;","        }","        // export local","        local.global.local = local;","    }());","","","","    // run shared js-env code - function","    (function () {","        return;","    }());","    switch (local.modeJs) {","","","","    // run browser js-env code - function","    case 'browser':","        break;","","","","    // run node js-env code - function","    case 'node':","        break;","    }","","","","    // run shared js-env code - post-init","    (function () {","        return;","    }());","    switch (local.modeJs) {","","","","    // run browser js-env code - post-init","    case 'browser':","        local.testCase_browser_nullCase = local.testCase_browser_nullCase || function (","            options,","            onError","        ) {","        /*","         * this function will test browsers's null-case handling-behavior-behavior","         */","            onError(null, options);","        };","","        // run tests","        local.nop(local.modeTest &&","            document.querySelector('#testRunButton1') &&","            document.querySelector('#testRunButton1').click());","        break;","","","","    // run node js-env code - post-init","    /* istanbul ignore next */","    case 'node':","        local.testCase_buildApidoc_default = local.testCase_buildApidoc_default || function (","            options,","            onError","        ) {","        /*","         * this function will test buildApidoc's default handling-behavior-behavior","         */","            options = { modulePathList: module.paths };","            local.buildApidoc(options, onError);","        };","","        local.testCase_buildApp_default = local.testCase_buildApp_default || function (","            options,","            onError","        ) {","        /*","         * this function will test buildApp's default handling-behavior-behavior","         */","            local.testCase_buildReadme_default(options, local.onErrorThrow);","            local.testCase_buildLib_default(options, local.onErrorThrow);","            local.testCase_buildTest_default(options, local.onErrorThrow);","            local.testCase_buildCustomOrg_default(options, local.onErrorThrow);","            options = [];","            local.buildApp(options, onError);","        };","","        local.testCase_buildCustomOrg_default = local.testCase_buildCustomOrg_default ||","            function (options, onError) {","            /*","             * this function will test buildCustomOrg's default handling-behavior","             */","                options = {};","                local.buildCustomOrg(options, onError);","            };","","        local.testCase_buildLib_default = local.testCase_buildLib_default || function (","            options,","            onError","        ) {","        /*","         * this function will test buildLib's default handling-behavior","         */","            options = {};","            local.buildLib(options, onError);","        };","","        local.testCase_buildReadme_default = local.testCase_buildReadme_default || function (","            options,","            onError","        ) {","        /*","         * this function will test buildReadme's default handling-behavior-behavior","         */","            options = {};","            local.buildReadme(options, onError);","        };","","        local.testCase_buildTest_default = local.testCase_buildTest_default || function (","            options,","            onError","        ) {","        /*","         * this function will test buildTest's default handling-behavior","         */","            options = {};","            local.buildTest(options, onError);","        };","","        local.testCase_webpage_default = local.testCase_webpage_default || function (","            options,","            onError","        ) {","        /*","         * this function will test webpage's default handling-behavior","         */","            options = { modeCoverageMerge: true, url: local.serverLocalHost + '?modeTest=1' };","            local.browserTest(options, onError);","        };","","        // run test-server","        local.testRunServer(local);","        break;","    }","}());",""],"l":{"12":2,"14":2,"19":2,"21":2,"23":2,"24":2,"25":2,"30":1,"37":2,"40":2,"43":1,"47":1,"50":1,"52":1,"55":2,"61":2,"62":2,"64":2,"70":1,"76":1,"82":2,"83":2,"85":2,"91":1,"98":1,"102":1,"105":1,"112":1,"119":1,"120":1,"123":1,"130":1,"131":1,"132":1,"133":1,"134":1,"135":1,"138":1,"143":2,"144":2,"147":1,"154":2,"155":2,"158":1,"165":2,"166":2,"169":1,"176":2,"177":2,"180":1,"187":1,"188":1,"192":1,"193":1}},"/home/travis/build/npmtest/node-npmtest-node-cache/lib.npmtest_node_cache.js":{"path":"/home/travis/build/npmtest/node-npmtest-node-cache/lib.npmtest_node_cache.js","s":{"1":2,"2":2,"3":2,"4":2,"5":2,"6":2,"7":2,"8":1,"9":2,"10":2,"11":2,"12":2,"13":1,"14":1,"15":1,"16":1},"b":{"1":[2,1,1,1],"2":[1,1,1,1],"3":[1,1],"4":[2,2],"5":[1,1]},"f":{"1":2,"2":2,"3":2},"fnMap":{"1":{"name":"(anonymous_1)","line":12,"loc":{"start":{"line":12,"column":1},"end":{"line":12,"column":13}}},"2":{"name":"(anonymous_2)","line":19,"loc":{"start":{"line":19,"column":5},"end":{"line":19,"column":17}}},"3":{"name":"(anonymous_3)","line":23,"loc":{"start":{"line":23,"column":24},"end":{"line":23,"column":36}}}},"statementMap":{"1":{"start":{"line":12,"column":0},"end":{"line":53,"column":5}},"2":{"start":{"line":14,"column":4},"end":{"line":14,"column":14}},"3":{"start":{"line":19,"column":4},"end":{"line":52,"column":9}},"4":{"start":{"line":21,"column":8},"end":{"line":21,"column":19}},"5":{"start":{"line":23,"column":8},"end":{"line":35,"column":13}},"6":{"start":{"line":24,"column":12},"end":{"line":34,"column":13}},"7":{"start":{"line":25,"column":16},"end":{"line":28,"column":30}},"8":{"start":{"line":30,"column":16},"end":{"line":33,"column":27}},"9":{"start":{"line":37,"column":8},"end":{"line":39,"column":21}},"10":{"start":{"line":41,"column":8},"end":{"line":41,"column":54}},"11":{"start":{"line":43,"column":8},"end":{"line":43,"column":55}},"12":{"start":{"line":45,"column":8},"end":{"line":51,"column":9}},"13":{"start":{"line":46,"column":12},"end":{"line":46,"column":61}},"14":{"start":{"line":48,"column":12},"end":{"line":48,"column":35}},"15":{"start":{"line":49,"column":12},"end":{"line":49,"column":49}},"16":{"start":{"line":50,"column":12},"end":{"line":50,"column":43}}},"branchMap":{"1":{"line":25,"type":"binary-expr","locations":[{"start":{"line":25,"column":23},"end":{"line":25,"column":62}},{"start":{"line":26,"column":20},"end":{"line":26,"column":70}},{"start":{"line":27,"column":20},"end":{"line":27,"column":71}},{"start":{"line":28,"column":20},"end":{"line":28,"column":29}}]},"2":{"line":30,"type":"binary-expr","locations":[{"start":{"line":30,"column":23},"end":{"line":30,"column":37}},{"start":{"line":31,"column":20},"end":{"line":31,"column":61}},{"start":{"line":32,"column":20},"end":{"line":32,"column":70}},{"start":{"line":33,"column":20},"end":{"line":33,"column":26}}]},"3":{"line":37,"type":"cond-expr","locations":[{"start":{"line":38,"column":14},"end":{"line":38,"column":20}},{"start":{"line":39,"column":14},"end":{"line":39,"column":20}}]},"4":{"line":41,"type":"binary-expr","locations":[{"start":{"line":41,"column":16},"end":{"line":41,"column":44}},{"start":{"line":41,"column":48},"end":{"line":41,"column":53}}]},"5":{"line":45,"type":"if","locations":[{"start":{"line":45,"column":8},"end":{"line":45,"column":8}},{"start":{"line":45,"column":8},"end":{"line":45,"column":8}}]}},"code":["/* istanbul instrument in package npmtest_node_cache */","/*jslint","    bitwise: true,","    browser: true,","    maxerr: 8,","    maxlen: 96,","    node: true,","    nomen: true,","    regexp: true,","    stupid: true","*/","(function () {","    'use strict';","    var local;","","","","    // run shared js-env code - pre-init","    (function () {","        // init local","        local = {};","        // init modeJs","        local.modeJs = (function () {","            try {","                return typeof navigator.userAgent === 'string' &&","                    typeof document.querySelector('body') === 'object' &&","                    typeof XMLHttpRequest.prototype.open === 'function' &&","                    'browser';","            } catch (errorCaughtBrowser) {","                return module.exports &&","                    typeof process.versions.node === 'string' &&","                    typeof require('http').createServer === 'function' &&","                    'node';","            }","        }());","        // init global","        local.global = local.modeJs === 'browser'","            ? window","            : global;","        // init utility2_rollup","        local = local.global.utility2_rollup || local;","        // init lib","        local.local = local.npmtest_node_cache = local;","        // init exports","        if (local.modeJs === 'browser') {","            local.global.utility2_npmtest_node_cache = local;","        } else {","            module.exports = local;","            module.exports.__dirname = __dirname;","            module.exports.module = module;","        }","    }());","}());",""],"l":{"12":2,"14":2,"19":2,"21":2,"23":2,"24":2,"25":2,"30":1,"37":2,"41":2,"43":2,"45":2,"46":1,"48":1,"49":1,"50":1}},"/home/travis/build/npmtest/node-npmtest-node-cache/example.js":{"path":"/home/travis/build/npmtest/node-npmtest-node-cache/example.js","s":{"1":2,"2":2,"3":2,"4":2,"5":2,"6":2,"7":2,"8":1,"9":2,"10":2,"11":2,"12":2,"13":1,"14":2,"15":2,"16":2,"17":2,"18":2,"19":0,"20":2,"21":1,"22":1,"23":1,"24":1,"25":1,"26":0,"27":0,"28":1,"29":1,"30":2,"31":0,"32":0,"33":0,"34":1,"35":2,"36":2,"37":3,"38":3,"39":3,"40":3,"41":0,"42":3,"43":3,"44":3,"45":1,"46":3,"47":1,"48":1,"49":1,"50":1,"51":1,"52":1,"53":1,"54":1,"55":1,"56":1,"57":0,"58":1,"59":6,"60":6,"61":1,"62":2,"63":0,"64":2,"65":1,"66":1,"67":0,"68":0,"69":0,"70":0,"71":0,"72":0,"73":0,"74":0,"75":0,"76":0,"77":0,"78":0,"79":0,"80":0,"81":0,"82":0,"83":0},"b":{"1":[2,1,1,1],"2":[1,1,1,1],"3":[1,1],"4":[2,2],"5":[1,1],"6":[1,1],"7":[2,0],"8":[2,1,1,1,1,1],"9":[0,2,0],"10":[1,1],"11":[2,1,1],"12":[1,0],"13":[0,2],"14":[2,0,0,0,0,0,0],"15":[0,3],"16":[3,0],"17":[1,1],"18":[0,1],"19":[1,2,0,2],"20":[1,0],"21":[1,1],"22":[0,0],"23":[0,0],"24":[0,0],"25":[0,0],"26":[0,0],"27":[0,0],"28":[0,0]},"f":{"1":2,"2":2,"3":2,"4":2,"5":2,"6":2,"7":3,"8":3,"9":3,"10":1,"11":6,"12":0},"fnMap":{"1":{"name":"(anonymous_1)","line":26,"loc":{"start":{"line":26,"column":1},"end":{"line":26,"column":13}}},"2":{"name":"(anonymous_2)","line":33,"loc":{"start":{"line":33,"column":5},"end":{"line":33,"column":17}}},"3":{"name":"(anonymous_3)","line":37,"loc":{"start":{"line":37,"column":24},"end":{"line":37,"column":36}}},"4":{"name":"(anonymous_4)","line":69,"loc":{"start":{"line":69,"column":31},"end":{"line":69,"column":48}},"skip":true},"5":{"name":"(anonymous_5)","line":78,"loc":{"start":{"line":78,"column":26},"end":{"line":78,"column":45}},"skip":true},"6":{"name":"(anonymous_6)","line":123,"loc":{"start":{"line":123,"column":33},"end":{"line":123,"column":48}},"skip":true},"7":{"name":"(anonymous_7)","line":125,"loc":{"start":{"line":125,"column":27},"end":{"line":125,"column":39}},"skip":true},"8":{"name":"(anonymous_8)","line":133,"loc":{"start":{"line":133,"column":59},"end":{"line":133,"column":74}},"skip":true},"9":{"name":"(anonymous_9)","line":143,"loc":{"start":{"line":143,"column":45},"end":{"line":143,"column":62}},"skip":true},"10":{"name":"(anonymous_10)","line":144,"loc":{"start":{"line":144,"column":73},"end":{"line":144,"column":92}},"skip":true},"11":{"name":"(anonymous_11)","line":272,"loc":{"start":{"line":272,"column":51},"end":{"line":272,"column":77}},"skip":true},"12":{"name":"(anonymous_12)","line":315,"loc":{"start":{"line":315,"column":32},"end":{"line":315,"column":61}},"skip":true}},"statementMap":{"1":{"start":{"line":26,"column":0},"end":{"line":326,"column":5}},"2":{"start":{"line":28,"column":4},"end":{"line":28,"column":14}},"3":{"start":{"line":33,"column":4},"end":{"line":60,"column":9}},"4":{"start":{"line":35,"column":8},"end":{"line":35,"column":19}},"5":{"start":{"line":37,"column":8},"end":{"line":49,"column":13}},"6":{"start":{"line":38,"column":12},"end":{"line":48,"column":13}},"7":{"start":{"line":39,"column":16},"end":{"line":42,"column":30}},"8":{"start":{"line":44,"column":16},"end":{"line":47,"column":27}},"9":{"start":{"line":51,"column":8},"end":{"line":53,"column":21}},"10":{"start":{"line":55,"column":8},"end":{"line":57,"column":45}},"11":{"start":{"line":59,"column":8},"end":{"line":59,"column":35}},"12":{"start":{"line":61,"column":4},"end":{"line":325,"column":5}},"13":{"start":{"line":69,"column":8},"end":{"line":121,"column":10},"skip":true},"14":{"start":{"line":70,"column":12},"end":{"line":88,"column":13},"skip":true},"15":{"start":{"line":76,"column":16},"end":{"line":87,"column":19},"skip":true},"16":{"start":{"line":79,"column":20},"end":{"line":86,"column":21},"skip":true},"17":{"start":{"line":82,"column":24},"end":{"line":82,"column":43},"skip":true},"18":{"start":{"line":83,"column":24},"end":{"line":83,"column":30},"skip":true},"19":{"start":{"line":85,"column":24},"end":{"line":85,"column":49},"skip":true},"20":{"start":{"line":89,"column":12},"end":{"line":107,"column":13},"skip":true},"21":{"start":{"line":92,"column":16},"end":{"line":102,"column":17},"skip":true},"22":{"start":{"line":93,"column":20},"end":{"line":93,"column":86},"skip":true},"23":{"start":{"line":94,"column":20},"end":{"line":95,"column":45},"skip":true},"24":{"start":{"line":96,"column":20},"end":{"line":96,"column":42},"skip":true},"25":{"start":{"line":97,"column":20},"end":{"line":97,"column":48},"skip":true},"26":{"start":{"line":100,"column":20},"end":{"line":100,"column":85},"skip":true},"27":{"start":{"line":101,"column":20},"end":{"line":101,"column":96},"skip":true},"28":{"start":{"line":103,"column":16},"end":{"line":103,"column":22},"skip":true},"29":{"start":{"line":106,"column":16},"end":{"line":106,"column":22},"skip":true},"30":{"start":{"line":108,"column":12},"end":{"line":120,"column":13},"skip":true},"31":{"start":{"line":114,"column":16},"end":{"line":119,"column":17},"skip":true},"32":{"start":{"line":116,"column":20},"end":{"line":116,"column":78},"skip":true},"33":{"start":{"line":118,"column":20},"end":{"line":118,"column":47},"skip":true},"34":{"start":{"line":123,"column":8},"end":{"line":141,"column":11},"skip":true},"35":{"start":{"line":124,"column":12},"end":{"line":124,"column":54},"skip":true},"36":{"start":{"line":125,"column":12},"end":{"line":140,"column":14},"skip":true},"37":{"start":{"line":126,"column":16},"end":{"line":126,"column":28},"skip":true},"38":{"start":{"line":127,"column":16},"end":{"line":127,"column":69},"skip":true},"39":{"start":{"line":128,"column":16},"end":{"line":128,"column":75},"skip":true},"40":{"start":{"line":129,"column":16},"end":{"line":131,"column":17},"skip":true},"41":{"start":{"line":130,"column":20},"end":{"line":130,"column":27},"skip":true},"42":{"start":{"line":133,"column":16},"end":{"line":137,"column":36},"skip":true},"43":{"start":{"line":134,"column":20},"end":{"line":136,"column":55},"skip":true},"44":{"start":{"line":139,"column":16},"end":{"line":139,"column":57},"skip":true},"45":{"start":{"line":143,"column":8},"end":{"line":147,"column":11},"skip":true},"46":{"start":{"line":144,"column":12},"end":{"line":146,"column":15},"skip":true},"47":{"start":{"line":145,"column":16},"end":{"line":145,"column":70},"skip":true},"48":{"start":{"line":149,"column":8},"end":{"line":149,"column":31},"skip":true},"49":{"start":{"line":150,"column":8},"end":{"line":150,"column":14},"skip":true},"50":{"start":{"line":158,"column":8},"end":{"line":158,"column":31},"skip":true},"51":{"start":{"line":160,"column":8},"end":{"line":160,"column":33},"skip":true},"52":{"start":{"line":161,"column":8},"end":{"line":161,"column":37},"skip":true},"53":{"start":{"line":162,"column":8},"end":{"line":162,"column":35},"skip":true},"54":{"start":{"line":164,"column":8},"end":{"line":164,"column":50},"skip":true},"55":{"start":{"line":166,"column":8},"end":{"line":256,"column":2},"skip":true},"56":{"start":{"line":258,"column":8},"end":{"line":286,"column":9},"skip":true},"57":{"start":{"line":259,"column":12},"end":{"line":269,"column":14},"skip":true},"58":{"start":{"line":271,"column":12},"end":{"line":285,"column":19},"skip":true},"59":{"start":{"line":274,"column":20},"end":{"line":274,"column":35},"skip":true},"60":{"start":{"line":275,"column":20},"end":{"line":284,"column":21},"skip":true},"61":{"start":{"line":277,"column":24},"end":{"line":277,"column":64},"skip":true},"62":{"start":{"line":279,"column":24},"end":{"line":279,"column":40},"skip":true},"63":{"start":{"line":281,"column":24},"end":{"line":281,"column":40},"skip":true},"64":{"start":{"line":283,"column":24},"end":{"line":283,"column":39},"skip":true},"65":{"start":{"line":288,"column":8},"end":{"line":290,"column":9},"skip":true},"66":{"start":{"line":289,"column":12},"end":{"line":289,"column":18},"skip":true},"67":{"start":{"line":291,"column":8},"end":{"line":293,"column":54},"skip":true},"68":{"start":{"line":296,"column":8},"end":{"line":301,"column":37},"skip":true},"69":{"start":{"line":303,"column":8},"end":{"line":303,"column":82},"skip":true},"70":{"start":{"line":306,"column":8},"end":{"line":308,"column":9},"skip":true},"71":{"start":{"line":307,"column":12},"end":{"line":307,"column":82},"skip":true},"72":{"start":{"line":310,"column":8},"end":{"line":312,"column":9},"skip":true},"73":{"start":{"line":311,"column":12},"end":{"line":311,"column":18},"skip":true},"74":{"start":{"line":313,"column":8},"end":{"line":313,"column":54},"skip":true},"75":{"start":{"line":314,"column":8},"end":{"line":314,"column":69},"skip":true},"76":{"start":{"line":315,"column":8},"end":{"line":323,"column":36},"skip":true},"77":{"start":{"line":316,"column":12},"end":{"line":316,"column":61},"skip":true},"78":{"start":{"line":317,"column":12},"end":{"line":320,"column":13},"skip":true},"79":{"start":{"line":318,"column":16},"end":{"line":318,"column":75},"skip":true},"80":{"start":{"line":319,"column":16},"end":{"line":319,"column":23},"skip":true},"81":{"start":{"line":321,"column":12},"end":{"line":321,"column":38},"skip":true},"82":{"start":{"line":322,"column":12},"end":{"line":322,"column":27},"skip":true},"83":{"start":{"line":324,"column":8},"end":{"line":324,"column":14},"skip":true}},"branchMap":{"1":{"line":39,"type":"binary-expr","locations":[{"start":{"line":39,"column":23},"end":{"line":39,"column":62}},{"start":{"line":40,"column":20},"end":{"line":40,"column":70}},{"start":{"line":41,"column":20},"end":{"line":41,"column":71}},{"start":{"line":42,"column":20},"end":{"line":42,"column":29}}]},"2":{"line":44,"type":"binary-expr","locations":[{"start":{"line":44,"column":23},"end":{"line":44,"column":37}},{"start":{"line":45,"column":20},"end":{"line":45,"column":61}},{"start":{"line":46,"column":20},"end":{"line":46,"column":70}},{"start":{"line":47,"column":20},"end":{"line":47,"column":26}}]},"3":{"line":51,"type":"cond-expr","locations":[{"start":{"line":52,"column":14},"end":{"line":52,"column":20}},{"start":{"line":53,"column":14},"end":{"line":53,"column":20}}]},"4":{"line":55,"type":"binary-expr","locations":[{"start":{"line":55,"column":16},"end":{"line":55,"column":44}},{"start":{"line":55,"column":49},"end":{"line":57,"column":43}}]},"5":{"line":55,"type":"cond-expr","locations":[{"start":{"line":56,"column":14},"end":{"line":56,"column":54}},{"start":{"line":57,"column":14},"end":{"line":57,"column":43}}]},"6":{"line":61,"type":"switch","locations":[{"start":{"line":68,"column":4},"end":{"line":150,"column":14},"skip":true},{"start":{"line":156,"column":4},"end":{"line":324,"column":14},"skip":true}]},"7":{"line":70,"type":"if","locations":[{"start":{"line":70,"column":12},"end":{"line":70,"column":12},"skip":true},{"start":{"line":70,"column":12},"end":{"line":70,"column":12},"skip":true}]},"8":{"line":70,"type":"binary-expr","locations":[{"start":{"line":70,"column":16},"end":{"line":70,"column":22},"skip":true},{"start":{"line":70,"column":27},"end":{"line":70,"column":32},"skip":true},{"start":{"line":71,"column":20},"end":{"line":71,"column":39},"skip":true},{"start":{"line":72,"column":20},"end":{"line":72,"column":49},"skip":true},{"start":{"line":73,"column":20},"end":{"line":73,"column":58},"skip":true},{"start":{"line":74,"column":20},"end":{"line":74,"column":69},"skip":true}]},"9":{"line":79,"type":"switch","locations":[{"start":{"line":80,"column":20},"end":{"line":80,"column":33},"skip":true},{"start":{"line":81,"column":20},"end":{"line":83,"column":30},"skip":true},{"start":{"line":84,"column":20},"end":{"line":85,"column":49},"skip":true}]},"10":{"line":89,"type":"switch","locations":[{"start":{"line":90,"column":12},"end":{"line":103,"column":22},"skip":true},{"start":{"line":105,"column":12},"end":{"line":106,"column":22},"skip":true}]},"11":{"line":89,"type":"binary-expr","locations":[{"start":{"line":89,"column":20},"end":{"line":89,"column":25},"skip":true},{"start":{"line":89,"column":29},"end":{"line":89,"column":48},"skip":true},{"start":{"line":89,"column":52},"end":{"line":89,"column":74},"skip":true}]},"12":{"line":92,"type":"if","locations":[{"start":{"line":92,"column":16},"end":{"line":92,"column":16},"skip":true},{"start":{"line":92,"column":16},"end":{"line":92,"column":16},"skip":true}]},"13":{"line":108,"type":"if","locations":[{"start":{"line":108,"column":12},"end":{"line":108,"column":12},"skip":true},{"start":{"line":108,"column":12},"end":{"line":108,"column":12},"skip":true}]},"14":{"line":108,"type":"binary-expr","locations":[{"start":{"line":108,"column":16},"end":{"line":108,"column":61},"skip":true},{"start":{"line":108,"column":66},"end":{"line":108,"column":72},"skip":true},{"start":{"line":108,"column":77},"end":{"line":108,"column":82},"skip":true},{"start":{"line":109,"column":20},"end":{"line":109,"column":39},"skip":true},{"start":{"line":110,"column":20},"end":{"line":110,"column":49},"skip":true},{"start":{"line":111,"column":20},"end":{"line":111,"column":58},"skip":true},{"start":{"line":112,"column":20},"end":{"line":112,"column":68},"skip":true}]},"15":{"line":129,"type":"if","locations":[{"start":{"line":129,"column":16},"end":{"line":129,"column":16},"skip":true},{"start":{"line":129,"column":16},"end":{"line":129,"column":16},"skip":true}]},"16":{"line":134,"type":"cond-expr","locations":[{"start":{"line":135,"column":26},"end":{"line":135,"column":29},"skip":true},{"start":{"line":136,"column":26},"end":{"line":136,"column":54},"skip":true}]},"17":{"line":164,"type":"binary-expr","locations":[{"start":{"line":164,"column":27},"end":{"line":164,"column":43},"skip":true},{"start":{"line":164,"column":47},"end":{"line":164,"column":49},"skip":true}]},"18":{"line":258,"type":"if","locations":[{"start":{"line":258,"column":8},"end":{"line":258,"column":8},"skip":true},{"start":{"line":258,"column":8},"end":{"line":258,"column":8},"skip":true}]},"19":{"line":275,"type":"switch","locations":[{"start":{"line":276,"column":20},"end":{"line":277,"column":64},"skip":true},{"start":{"line":278,"column":20},"end":{"line":279,"column":40},"skip":true},{"start":{"line":280,"column":20},"end":{"line":281,"column":40},"skip":true},{"start":{"line":282,"column":20},"end":{"line":283,"column":39},"skip":true}]},"20":{"line":288,"type":"if","locations":[{"start":{"line":288,"column":8},"end":{"line":288,"column":8},"skip":true},{"start":{"line":288,"column":8},"end":{"line":288,"column":8},"skip":true}]},"21":{"line":288,"type":"binary-expr","locations":[{"start":{"line":288,"column":12},"end":{"line":288,"column":40},"skip":true},{"start":{"line":288,"column":44},"end":{"line":288,"column":67},"skip":true}]},"22":{"line":292,"type":"binary-expr","locations":[{"start":{"line":292,"column":12},"end":{"line":292,"column":50},"skip":true},{"start":{"line":293,"column":12},"end":{"line":293,"column":53},"skip":true}]},"23":{"line":297,"type":"binary-expr","locations":[{"start":{"line":297,"column":12},"end":{"line":297,"column":68},"skip":true},{"start":{"line":298,"column":12},"end":{"line":301,"column":36},"skip":true}]},"24":{"line":303,"type":"binary-expr","locations":[{"start":{"line":303,"column":43},"end":{"line":303,"column":75},"skip":true},{"start":{"line":303,"column":79},"end":{"line":303,"column":81},"skip":true}]},"25":{"line":306,"type":"if","locations":[{"start":{"line":306,"column":8},"end":{"line":306,"column":8},"skip":true},{"start":{"line":306,"column":8},"end":{"line":306,"column":8},"skip":true}]},"26":{"line":310,"type":"if","locations":[{"start":{"line":310,"column":8},"end":{"line":310,"column":8},"skip":true},{"start":{"line":310,"column":8},"end":{"line":310,"column":8},"skip":true}]},"27":{"line":313,"type":"binary-expr","locations":[{"start":{"line":313,"column":27},"end":{"line":313,"column":43},"skip":true},{"start":{"line":313,"column":47},"end":{"line":313,"column":53},"skip":true}]},"28":{"line":317,"type":"if","locations":[{"start":{"line":317,"column":12},"end":{"line":317,"column":12},"skip":true},{"start":{"line":317,"column":12},"end":{"line":317,"column":12},"skip":true}]}},"code":["/*","example.js","","quickstart example","","instruction","    1. save this script as example.js","    2. run the shell command:","        $ npm install npmtest-node-cache && PORT=8081 node example.js","    3. play with the browser-demo on http://127.0.0.1:8081","*/","","","","/* istanbul instrument in package npmtest_node_cache */","/*jslint","    bitwise: true,","    browser: true,","    maxerr: 8,","    maxlen: 96,","    node: true,","    nomen: true,","    regexp: true,","    stupid: true","*/","(function () {","    'use strict';","    var local;","","","","    // run shared js-env code - pre-init","    (function () {","        // init local","        local = {};","        // init modeJs","        local.modeJs = (function () {","            try {","                return typeof navigator.userAgent === 'string' &&","                    typeof document.querySelector('body') === 'object' &&","                    typeof XMLHttpRequest.prototype.open === 'function' &&","                    'browser';","            } catch (errorCaughtBrowser) {","                return module.exports &&","                    typeof process.versions.node === 'string' &&","                    typeof require('http').createServer === 'function' &&","                    'node';","            }","        }());","        // init global","        local.global = local.modeJs === 'browser'","            ? window","            : global;","        // init utility2_rollup","        local = local.global.utility2_rollup || (local.modeJs === 'browser'","            ? local.global.utility2_npmtest_node_cache","            : global.utility2_moduleExports);","        // export local","        local.global.local = local;","    }());","    switch (local.modeJs) {","","","","    // post-init","    // run browser js-env code - post-init","    /* istanbul ignore next */","    case 'browser':","        local.testRunBrowser = function (event) {","            if (!event || (event &&","                    event.currentTarget &&","                    event.currentTarget.className &&","                    event.currentTarget.className.includes &&","                    event.currentTarget.className.includes('onreset'))) {","                // reset output","                Array.from(","                    document.querySelectorAll('body > .resettable')","                ).forEach(function (element) {","                    switch (element.tagName) {","                    case 'INPUT':","                    case 'TEXTAREA':","                        element.value = '';","                        break;","                    default:","                        element.textContent = '';","                    }","                });","            }","            switch (event && event.currentTarget && event.currentTarget.id) {","            case 'testRunButton1':","                // show tests","                if (document.querySelector('#testReportDiv1').style.display === 'none') {","                    document.querySelector('#testReportDiv1').style.display = 'block';","                    document.querySelector('#testRunButton1').textContent =","                        'hide internal test';","                    local.modeTest = true;","                    local.testRunDefault(local);","                // hide tests","                } else {","                    document.querySelector('#testReportDiv1').style.display = 'none';","                    document.querySelector('#testRunButton1').textContent = 'run internal test';","                }","                break;","            // custom-case","            default:","                break;","            }","            if (document.querySelector('#inputTextareaEval1') && (!event || (event &&","                    event.currentTarget &&","                    event.currentTarget.className &&","                    event.currentTarget.className.includes &&","                    event.currentTarget.className.includes('oneval')))) {","                // try to eval input-code","                try {","                    /*jslint evil: true*/","                    eval(document.querySelector('#inputTextareaEval1').value);","                } catch (errorCaught) {","                    console.error(errorCaught);","                }","            }","        };","        // log stderr and stdout to #outputTextareaStdout1","        ['error', 'log'].forEach(function (key) {","            console[key + '_original'] = console[key];","            console[key] = function () {","                var element;","                console[key + '_original'].apply(console, arguments);","                element = document.querySelector('#outputTextareaStdout1');","                if (!element) {","                    return;","                }","                // append text to #outputTextareaStdout1","                element.value += Array.from(arguments).map(function (arg) {","                    return typeof arg === 'string'","                        ? arg","                        : JSON.stringify(arg, null, 4);","                }).join(' ') + '\\n';","                // scroll textarea to bottom","                element.scrollTop = element.scrollHeight;","            };","        });","        // init event-handling","        ['change', 'click', 'keyup'].forEach(function (event) {","            Array.from(document.querySelectorAll('.on' + event)).forEach(function (element) {","                element.addEventListener(event, local.testRunBrowser);","            });","        });","        // run tests","        local.testRunBrowser();","        break;","","","","    // run node js-env code - post-init","    /* istanbul ignore next */","    case 'node':","        // export local","        module.exports = local;","        // require modules","        local.fs = require('fs');","        local.http = require('http');","        local.url = require('url');","        // init assets","        local.assetsDict = local.assetsDict || {};","        /* jslint-ignore-begin */","        local.assetsDict['/assets.index.template.html'] = '\\","<!doctype html>\\n\\","<html lang=\"en\">\\n\\","<head>\\n\\","<meta charset=\"UTF-8\">\\n\\","<meta name=\"viewport\" content=\"width=device-width, initial-scale=1\">\\n\\","<title>{{env.npm_package_name}} (v{{env.npm_package_version}})</title>\\n\\","<style>\\n\\","/*csslint\\n\\","    box-sizing: false,\\n\\","    universal-selector: false\\n\\","*/\\n\\","* {\\n\\","    box-sizing: border-box;\\n\\","}\\n\\","body {\\n\\","    background: #dde;\\n\\","    font-family: Arial, Helvetica, sans-serif;\\n\\","    margin: 2rem;\\n\\","}\\n\\","body > * {\\n\\","    margin-bottom: 1rem;\\n\\","}\\n\\",".utility2FooterDiv {\\n\\","    margin-top: 20px;\\n\\","    text-align: center;\\n\\","}\\n\\","</style>\\n\\","<style>\\n\\","/*csslint\\n\\","*/\\n\\","textarea {\\n\\","    font-family: monospace;\\n\\","    height: 10rem;\\n\\","    width: 100%;\\n\\","}\\n\\","textarea[readonly] {\\n\\","    background: #ddd;\\n\\","}\\n\\","</style>\\n\\","</head>\\n\\","<body>\\n\\","<!-- utility2-comment\\n\\","<div id=\"ajaxProgressDiv1\" style=\"background: #d00; height: 2px; left: 0; margin: 0; padding: 0; position: fixed; top: 0; transition: background 0.5s, width 1.5s; width: 25%;\"></div>\\n\\","utility2-comment -->\\n\\","<h1>\\n\\","<!-- utility2-comment\\n\\","    <a\\n\\","        {{#if env.npm_package_homepage}}\\n\\","        href=\"{{env.npm_package_homepage}}\"\\n\\","        {{/if env.npm_package_homepage}}\\n\\","        target=\"_blank\"\\n\\","    >\\n\\","utility2-comment -->\\n\\","        {{env.npm_package_name}} (v{{env.npm_package_version}})\\n\\","<!-- utility2-comment\\n\\","    </a>\\n\\","utility2-comment -->\\n\\","</h1>\\n\\","<h3>{{env.npm_package_description}}</h3>\\n\\","<!-- utility2-comment\\n\\","<h4><a download href=\"assets.app.js\">download standalone app</a></h4>\\n\\","<button class=\"onclick onreset\" id=\"testRunButton1\">run internal test</button><br>\\n\\","<div id=\"testReportDiv1\" style=\"display: none;\"></div>\\n\\","utility2-comment -->\\n\\","\\n\\","\\n\\","\\n\\","<label>stderr and stdout</label>\\n\\","<textarea class=\"resettable\" id=\"outputTextareaStdout1\" readonly></textarea>\\n\\","<!-- utility2-comment\\n\\","{{#if isRollup}}\\n\\","<script src=\"assets.app.js\"></script>\\n\\","{{#unless isRollup}}\\n\\","utility2-comment -->\\n\\","<script src=\"assets.utility2.rollup.js\"></script>\\n\\","<script src=\"jsonp.utility2._stateInit?callback=window.utility2._stateInit\"></script>\\n\\","<script src=\"assets.npmtest_node_cache.rollup.js\"></script>\\n\\","<script src=\"assets.example.js\"></script>\\n\\","<script src=\"assets.test.js\"></script>\\n\\","<!-- utility2-comment\\n\\","{{/if isRollup}}\\n\\","utility2-comment -->\\n\\","<div class=\"utility2FooterDiv\">\\n\\","    [ this app was created with\\n\\","    <a href=\"https://github.com/kaizhu256/node-utility2\" target=\"_blank\">utility2</a>\\n\\","    ]\\n\\","</div>\\n\\","</body>\\n\\","</html>\\n\\","';","        /* jslint-ignore-end */","        if (local.templateRender) {","            local.assetsDict['/'] = local.templateRender(","                local.assetsDict['/assets.index.template.html'],","                {","                    env: local.objectSetDefault(local.env, {","                        npm_package_description: 'the greatest app in the world!',","                        npm_package_name: 'my-app',","                        npm_package_nameAlias: 'my_app',","                        npm_package_version: '0.0.1'","                    })","                }","            );","        } else {","            local.assetsDict['/'] = local.assetsDict['/assets.index.template.html']","                .replace((/\\{\\{env\\.(\\w+?)\\}\\}/g), function (match0, match1) {","                    // jslint-hack","                    String(match0);","                    switch (match1) {","                    case 'npm_package_description':","                        return 'the greatest app in the world!';","                    case 'npm_package_name':","                        return 'my-app';","                    case 'npm_package_nameAlias':","                        return 'my_app';","                    case 'npm_package_version':","                        return '0.0.1';","                    }","                });","        }","        // run the cli","        if (local.global.utility2_rollup || module !== require.main) {","            break;","        }","        local.assetsDict['/assets.example.js'] =","            local.assetsDict['/assets.example.js'] ||","            local.fs.readFileSync(__filename, 'utf8');","        // bug-workaround - long $npm_package_buildCustomOrg","        /* jslint-ignore-begin */","        local.assetsDict['/assets.npmtest_node_cache.rollup.js'] =","            local.assetsDict['/assets.npmtest_node_cache.rollup.js'] ||","            local.fs.readFileSync(","                local.npmtest_node_cache.__dirname + '/lib.npmtest_node_cache.js',","                'utf8'","            ).replace((/^#!/), '//');","        /* jslint-ignore-end */","        local.assetsDict['/favicon.ico'] = local.assetsDict['/favicon.ico'] || '';","        // if $npm_config_timeout_exit exists,","        // then exit this process after $npm_config_timeout_exit ms","        if (Number(process.env.npm_config_timeout_exit)) {","            setTimeout(process.exit, Number(process.env.npm_config_timeout_exit));","        }","        // start server","        if (local.global.utility2_serverHttp1) {","            break;","        }","        process.env.PORT = process.env.PORT || '8081';","        console.error('server starting on port ' + process.env.PORT);","        local.http.createServer(function (request, response) {","            request.urlParsed = local.url.parse(request.url);","            if (local.assetsDict[request.urlParsed.pathname] !== undefined) {","                response.end(local.assetsDict[request.urlParsed.pathname]);","                return;","            }","            response.statusCode = 404;","            response.end();","        }).listen(process.env.PORT);","        break;","    }","}());",""],"l":{"26":2,"28":2,"33":2,"35":2,"37":2,"38":2,"39":2,"44":1,"51":2,"55":2,"59":2,"61":2,"69":1,"70":2,"76":2,"79":2,"82":2,"83":2,"85":1,"89":2,"92":1,"93":1,"94":1,"96":1,"97":1,"100":1,"101":1,"103":1,"106":1,"108":2,"114":1,"116":1,"118":1,"123":1,"124":2,"125":2,"126":3,"127":3,"128":3,"129":3,"130":1,"133":3,"134":3,"139":3,"143":1,"144":3,"145":1,"149":1,"150":1,"158":1,"160":1,"161":1,"162":1,"164":1,"166":1,"258":1,"259":1,"271":1,"274":6,"275":6,"277":1,"279":2,"281":1,"283":2,"288":1,"289":1,"291":1,"296":1,"303":1,"306":1,"307":1,"310":1,"311":1,"313":1,"314":1,"315":1,"316":1,"317":1,"318":1,"319":1,"321":1,"322":1,"324":1}},"/home/travis/build/npmtest/node-npmtest-node-cache/node_modules/node-cache/index.js":{"path":"/home/travis/build/npmtest/node-npmtest-node-cache/node_modules/node-cache/index.js","s":{"1":1,"2":1,"3":1,"4":1},"b":{},"f":{"1":1},"fnMap":{"1":{"name":"(anonymous_1)","line":10,"loc":{"start":{"line":10,"column":1},"end":{"line":10,"column":12}}}},"statementMap":{"1":{"start":{"line":10,"column":0},"end":{"line":17,"column":14}},"2":{"start":{"line":11,"column":2},"end":{"line":11,"column":14}},"3":{"start":{"line":13,"column":2},"end":{"line":13,"column":57}},"4":{"start":{"line":15,"column":2},"end":{"line":15,"column":28}}},"branchMap":{},"code":["/*"," * node-cache 4.1.0 ( 2016-12-21 )"," * https://github.com/mpneuried/nodecache"," *"," * Released under the MIT license"," * https://github.com/mpneuried/nodecache/blob/master/LICENSE"," *"," * Maintained by M. Peter ( https://github.com/mpneuried )","*/","(function() {","  var exports;","","  exports = module.exports = require('./lib/node_cache');","","  exports.version = '4.1.0';","","}).call(this);",""],"l":{"10":1,"11":1,"13":1,"15":1}},"/home/travis/build/npmtest/node-npmtest-node-cache/node_modules/node-cache/lib/node_cache.js":{"path":"/home/travis/build/npmtest/node-npmtest-node-cache/node_modules/node-cache/lib/node_cache.js","s":{"1":1,"2":1,"3":0,"4":0,"5":1,"6":5,"7":5,"8":1,"9":1,"10":1,"11":1,"12":1,"13":1,"14":0,"15":0,"16":0,"17":0,"18":1,"19":1,"20":1,"21":1,"22":1,"23":1,"24":1,"25":1,"26":1,"27":1,"28":1,"29":1,"30":1,"31":0,"32":0,"33":0,"34":0,"35":0,"36":0,"37":0,"38":0,"39":0,"40":0,"41":0,"42":0,"43":0,"44":0,"45":0,"46":0,"47":0,"48":0,"49":0,"50":0,"51":0,"52":0,"53":0,"54":0,"55":0,"56":1,"57":0,"58":0,"59":0,"60":0,"61":0,"62":0,"63":0,"64":0,"65":0,"66":0,"67":0,"68":0,"69":0,"70":0,"71":0,"72":0,"73":0,"74":0,"75":0,"76":0,"77":0,"78":0,"79":0,"80":0,"81":1,"82":0,"83":0,"84":0,"85":0,"86":0,"87":0,"88":0,"89":0,"90":0,"91":0,"92":0,"93":0,"94":0,"95":0,"96":0,"97":0,"98":0,"99":0,"100":0,"101":0,"102":0,"103":1,"104":0,"105":0,"106":0,"107":0,"108":0,"109":0,"110":0,"111":0,"112":0,"113":0,"114":0,"115":0,"116":0,"117":0,"118":0,"119":0,"120":0,"121":0,"122":0,"123":0,"124":0,"125":0,"126":0,"127":0,"128":1,"129":0,"130":0,"131":0,"132":0,"133":0,"134":0,"135":0,"136":0,"137":0,"138":0,"139":0,"140":0,"141":0,"142":0,"143":0,"144":0,"145":0,"146":0,"147":0,"148":0,"149":0,"150":0,"151":0,"152":1,"153":0,"154":0,"155":0,"156":0,"157":0,"158":0,"159":0,"160":0,"161":0,"162":0,"163":0,"164":0,"165":0,"166":0,"167":0,"168":0,"169":0,"170":0,"171":0,"172":0,"173":0,"174":0,"175":0,"176":0,"177":0,"178":0,"179":0,"180":0,"181":1,"182":0,"183":0,"184":0,"185":0,"186":0,"187":0,"188":0,"189":0,"190":0,"191":0,"192":0,"193":0,"194":0,"195":0,"196":0,"197":0,"198":0,"199":0,"200":1,"201":0,"202":0,"203":0,"204":0,"205":0,"206":1,"207":0,"208":1,"209":0,"210":0,"211":0,"212":0,"213":0,"214":0,"215":0,"216":1,"217":0,"218":1,"219":0,"220":0,"221":0,"222":0,"223":0,"224":0,"225":0,"226":0,"227":0,"228":0,"229":0,"230":1,"231":0,"232":0,"233":1,"234":0,"235":0,"236":0,"237":0,"238":0,"239":1,"240":0,"241":0,"242":0,"243":1,"244":0,"245":0,"246":0,"247":0,"248":0,"249":0,"250":0,"251":0,"252":0,"253":0,"254":0,"255":0,"256":0,"257":0,"258":0,"259":0,"260":1,"261":0,"262":0,"263":0,"264":0,"265":0,"266":0,"267":0,"268":0,"269":0,"270":1,"271":0,"272":1,"273":0,"274":0,"275":0,"276":0,"277":0,"278":0,"279":0,"280":0,"281":0,"282":0,"283":0,"284":1,"285":0,"286":0,"287":0,"288":0,"289":0,"290":0,"291":0,"292":0,"293":0,"294":0,"295":0,"296":1,"297":0,"298":0,"299":0,"300":0,"301":0,"302":0,"303":1,"304":1},"b":{"1":[5,0],"2":[1,0],"3":[0,0],"4":[0,0],"5":[0,0],"6":[0,0],"7":[0,0],"8":[0,0],"9":[0,0],"10":[0,0],"11":[0,0],"12":[0,0],"13":[0,0],"14":[0,0],"15":[0,0],"16":[0,0],"17":[0,0],"18":[0,0],"19":[0,0],"20":[0,0],"21":[0,0],"22":[0,0],"23":[0,0],"24":[0,0],"25":[0,0],"26":[0,0],"27":[0,0],"28":[0,0],"29":[0,0],"30":[0,0],"31":[0,0],"32":[0,0],"33":[0,0],"34":[0,0],"35":[0,0],"36":[0,0],"37":[0,0],"38":[0,0],"39":[0,0],"40":[0,0],"41":[0,0],"42":[0,0],"43":[0,0],"44":[0,0],"45":[0,0],"46":[0,0],"47":[0,0],"48":[0,0],"49":[0,0],"50":[0,0],"51":[0,0],"52":[0,0],"53":[0,0],"54":[0,0],"55":[0,0],"56":[0,0],"57":[0,0],"58":[0,0],"59":[0,0],"60":[0,0],"61":[0,0],"62":[0,0],"63":[0,0],"64":[0,0],"65":[0,0],"66":[0,0],"67":[0,0],"68":[0,0],"69":[0,0],"70":[0,0],"71":[0,0],"72":[0,0],"73":[0,0],"74":[0,0],"75":[0,0],"76":[0,0],"77":[0,0],"78":[0,0],"79":[0,0],"80":[0,0],"81":[0,0],"82":[0,0],"83":[0,0],"84":[0,0],"85":[0,0],"86":[0,0]},"f":{"1":1,"2":0,"3":0,"4":1,"5":1,"6":0,"7":1,"8":0,"9":0,"10":0,"11":0,"12":0,"13":0,"14":0,"15":0,"16":0,"17":0,"18":0,"19":0,"20":0,"21":0,"22":0,"23":0,"24":0,"25":0,"26":0,"27":0,"28":0},"fnMap":{"1":{"name":"(anonymous_1)","line":10,"loc":{"start":{"line":10,"column":1},"end":{"line":10,"column":12}}},"2":{"name":"(anonymous_2)","line":12,"loc":{"start":{"line":12,"column":11},"end":{"line":12,"column":27}}},"3":{"name":"(anonymous_3)","line":12,"loc":{"start":{"line":12,"column":36},"end":{"line":12,"column":46}}},"4":{"name":"(anonymous_4)","line":13,"loc":{"start":{"line":13,"column":13},"end":{"line":13,"column":37}}},"5":{"name":"ctor","line":13,"loc":{"start":{"line":13,"column":124},"end":{"line":13,"column":140}}},"6":{"name":"(anonymous_6)","line":16,"loc":{"start":{"line":16,"column":28},"end":{"line":16,"column":43}}},"7":{"name":"(anonymous_7)","line":38,"loc":{"start":{"line":38,"column":32},"end":{"line":38,"column":53}}},"8":{"name":"NodeCache","line":41,"loc":{"start":{"line":41,"column":4},"end":{"line":41,"column":32}}},"9":{"name":"(anonymous_9)","line":83,"loc":{"start":{"line":83,"column":30},"end":{"line":83,"column":64}}},"10":{"name":"(anonymous_10)","line":123,"loc":{"start":{"line":123,"column":31},"end":{"line":123,"column":50}}},"11":{"name":"(anonymous_11)","line":156,"loc":{"start":{"line":156,"column":30},"end":{"line":156,"column":60}}},"12":{"name":"(anonymous_12)","line":191,"loc":{"start":{"line":191,"column":30},"end":{"line":191,"column":49}}},"13":{"name":"(anonymous_13)","line":225,"loc":{"start":{"line":225,"column":30},"end":{"line":225,"column":41}}},"14":{"name":"(anonymous_14)","line":271,"loc":{"start":{"line":271,"column":33},"end":{"line":271,"column":51}}},"15":{"name":"(anonymous_15)","line":301,"loc":{"start":{"line":301,"column":31},"end":{"line":301,"column":44}}},"16":{"name":"(anonymous_16)","line":310,"loc":{"start":{"line":310,"column":35},"end":{"line":310,"column":46}}},"17":{"name":"(anonymous_17)","line":314,"loc":{"start":{"line":314,"column":35},"end":{"line":314,"column":58}}},"18":{"name":"(anonymous_18)","line":331,"loc":{"start":{"line":331,"column":32},"end":{"line":331,"column":43}}},"19":{"name":"(anonymous_19)","line":335,"loc":{"start":{"line":335,"column":37},"end":{"line":335,"column":59}}},"20":{"name":"(anonymous_20)","line":353,"loc":{"start":{"line":353,"column":43},"end":{"line":353,"column":54}}},"21":{"name":"(anonymous_21)","line":359,"loc":{"start":{"line":359,"column":33},"end":{"line":359,"column":53}}},"22":{"name":"(anonymous_22)","line":369,"loc":{"start":{"line":369,"column":40},"end":{"line":369,"column":54}}},"23":{"name":"(anonymous_23)","line":378,"loc":{"start":{"line":378,"column":32},"end":{"line":378,"column":62}}},"24":{"name":"(anonymous_24)","line":406,"loc":{"start":{"line":406,"column":34},"end":{"line":406,"column":59}}},"25":{"name":"(anonymous_25)","line":423,"loc":{"start":{"line":423,"column":40},"end":{"line":423,"column":54}}},"26":{"name":"(anonymous_26)","line":427,"loc":{"start":{"line":427,"column":40},"end":{"line":427,"column":56}}},"27":{"name":"(anonymous_27)","line":443,"loc":{"start":{"line":443,"column":33},"end":{"line":443,"column":58}}},"28":{"name":"(anonymous_28)","line":460,"loc":{"start":{"line":460,"column":38},"end":{"line":460,"column":49}}}},"statementMap":{"1":{"start":{"line":10,"column":0},"end":{"line":480,"column":14}},"2":{"start":{"line":11,"column":2},"end":{"line":16,"column":152}},"3":{"start":{"line":12,"column":29},"end":{"line":12,"column":82}},"4":{"start":{"line":12,"column":48},"end":{"line":12,"column":79}},"5":{"start":{"line":13,"column":39},"end":{"line":13,"column":123}},"6":{"start":{"line":13,"column":65},"end":{"line":13,"column":121}},"7":{"start":{"line":13,"column":96},"end":{"line":13,"column":121}},"8":{"start":{"line":13,"column":124},"end":{"line":13,"column":169}},"9":{"start":{"line":13,"column":142},"end":{"line":13,"column":167}},"10":{"start":{"line":13,"column":170},"end":{"line":13,"column":204}},"11":{"start":{"line":13,"column":205},"end":{"line":13,"column":234}},"12":{"start":{"line":13,"column":235},"end":{"line":13,"column":270}},"13":{"start":{"line":13,"column":271},"end":{"line":13,"column":284}},"14":{"start":{"line":16,"column":45},"end":{"line":16,"column":138}},"15":{"start":{"line":16,"column":92},"end":{"line":16,"column":136}},"16":{"start":{"line":16,"column":127},"end":{"line":16,"column":136}},"17":{"start":{"line":16,"column":139},"end":{"line":16,"column":149}},"18":{"start":{"line":18,"column":2},"end":{"line":18,"column":41}},"19":{"start":{"line":20,"column":2},"end":{"line":20,"column":39}},"20":{"start":{"line":22,"column":2},"end":{"line":22,"column":41}},"21":{"start":{"line":24,"column":2},"end":{"line":24,"column":45}},"22":{"start":{"line":26,"column":2},"end":{"line":26,"column":41}},"23":{"start":{"line":28,"column":2},"end":{"line":28,"column":41}},"24":{"start":{"line":30,"column":2},"end":{"line":30,"column":33}},"25":{"start":{"line":32,"column":2},"end":{"line":32,"column":41}},"26":{"start":{"line":34,"column":2},"end":{"line":34,"column":27}},"27":{"start":{"line":36,"column":2},"end":{"line":36,"column":48}},"28":{"start":{"line":38,"column":2},"end":{"line":478,"column":19}},"29":{"start":{"line":39,"column":4},"end":{"line":39,"column":34}},"30":{"start":{"line":41,"column":4},"end":{"line":81,"column":5}},"31":{"start":{"line":42,"column":6},"end":{"line":42,"column":52}},"32":{"start":{"line":43,"column":6},"end":{"line":43,"column":54}},"33":{"start":{"line":44,"column":6},"end":{"line":44,"column":44}},"34":{"start":{"line":45,"column":6},"end":{"line":45,"column":58}},"35":{"start":{"line":46,"column":6},"end":{"line":46,"column":42}},"36":{"start":{"line":47,"column":6},"end":{"line":47,"column":58}},"37":{"start":{"line":48,"column":6},"end":{"line":48,"column":44}},"38":{"start":{"line":49,"column":6},"end":{"line":49,"column":52}},"39":{"start":{"line":50,"column":6},"end":{"line":50,"column":42}},"40":{"start":{"line":51,"column":6},"end":{"line":51,"column":48}},"41":{"start":{"line":52,"column":6},"end":{"line":52,"column":48}},"42":{"start":{"line":53,"column":6},"end":{"line":53,"column":40}},"43":{"start":{"line":54,"column":6},"end":{"line":54,"column":44}},"44":{"start":{"line":55,"column":6},"end":{"line":55,"column":38}},"45":{"start":{"line":56,"column":6},"end":{"line":56,"column":38}},"46":{"start":{"line":57,"column":6},"end":{"line":57,"column":38}},"47":{"start":{"line":58,"column":6},"end":{"line":58,"column":40}},"48":{"start":{"line":59,"column":6},"end":{"line":59,"column":38}},"49":{"start":{"line":60,"column":6},"end":{"line":60,"column":25}},"50":{"start":{"line":61,"column":6},"end":{"line":61,"column":21}},"51":{"start":{"line":62,"column":6},"end":{"line":70,"column":23}},"52":{"start":{"line":71,"column":6},"end":{"line":77,"column":8}},"53":{"start":{"line":78,"column":6},"end":{"line":78,"column":48}},"54":{"start":{"line":79,"column":6},"end":{"line":79,"column":24}},"55":{"start":{"line":80,"column":6},"end":{"line":80,"column":13}},"56":{"start":{"line":83,"column":4},"end":{"line":121,"column":6}},"57":{"start":{"line":84,"column":6},"end":{"line":84,"column":26}},"58":{"start":{"line":85,"column":6},"end":{"line":88,"column":7}},"59":{"start":{"line":86,"column":8},"end":{"line":86,"column":28}},"60":{"start":{"line":87,"column":8},"end":{"line":87,"column":20}},"61":{"start":{"line":89,"column":6},"end":{"line":96,"column":7}},"62":{"start":{"line":90,"column":8},"end":{"line":95,"column":9}},"63":{"start":{"line":91,"column":10},"end":{"line":91,"column":18}},"64":{"start":{"line":92,"column":10},"end":{"line":92,"column":17}},"65":{"start":{"line":94,"column":10},"end":{"line":94,"column":20}},"66":{"start":{"line":97,"column":6},"end":{"line":120,"column":7}},"67":{"start":{"line":98,"column":8},"end":{"line":98,"column":26}},"68":{"start":{"line":99,"column":8},"end":{"line":99,"column":44}},"69":{"start":{"line":100,"column":8},"end":{"line":102,"column":9}},"70":{"start":{"line":101,"column":10},"end":{"line":101,"column":25}},"71":{"start":{"line":103,"column":8},"end":{"line":103,"column":20}},"72":{"start":{"line":105,"column":8},"end":{"line":105,"column":28}},"73":{"start":{"line":106,"column":8},"end":{"line":118,"column":9}},"74":{"start":{"line":107,"column":10},"end":{"line":109,"column":17}},"75":{"start":{"line":110,"column":10},"end":{"line":112,"column":11}},"76":{"start":{"line":111,"column":12},"end":{"line":111,"column":23}},"77":{"start":{"line":113,"column":10},"end":{"line":113,"column":17}},"78":{"start":{"line":115,"column":10},"end":{"line":117,"column":11}},"79":{"start":{"line":116,"column":12},"end":{"line":116,"column":29}},"80":{"start":{"line":119,"column":8},"end":{"line":119,"column":22}},"81":{"start":{"line":123,"column":4},"end":{"line":154,"column":6}},"82":{"start":{"line":124,"column":6},"end":{"line":124,"column":39}},"83":{"start":{"line":125,"column":6},"end":{"line":131,"column":7}},"84":{"start":{"line":126,"column":8},"end":{"line":126,"column":40}},"85":{"start":{"line":127,"column":8},"end":{"line":129,"column":9}},"86":{"start":{"line":128,"column":10},"end":{"line":128,"column":19}},"87":{"start":{"line":130,"column":8},"end":{"line":130,"column":20}},"88":{"start":{"line":132,"column":6},"end":{"line":132,"column":16}},"89":{"start":{"line":133,"column":6},"end":{"line":149,"column":7}},"90":{"start":{"line":134,"column":8},"end":{"line":134,"column":22}},"91":{"start":{"line":135,"column":8},"end":{"line":142,"column":9}},"92":{"start":{"line":136,"column":10},"end":{"line":141,"column":11}},"93":{"start":{"line":137,"column":12},"end":{"line":137,"column":20}},"94":{"start":{"line":138,"column":12},"end":{"line":138,"column":19}},"95":{"start":{"line":140,"column":12},"end":{"line":140,"column":22}},"96":{"start":{"line":143,"column":8},"end":{"line":148,"column":9}},"97":{"start":{"line":144,"column":10},"end":{"line":144,"column":28}},"98":{"start":{"line":145,"column":10},"end":{"line":145,"column":51}},"99":{"start":{"line":147,"column":10},"end":{"line":147,"column":30}},"100":{"start":{"line":150,"column":6},"end":{"line":152,"column":7}},"101":{"start":{"line":151,"column":8},"end":{"line":151,"column":23}},"102":{"start":{"line":153,"column":6},"end":{"line":153,"column":18}},"103":{"start":{"line":156,"column":4},"end":{"line":189,"column":6}},"104":{"start":{"line":157,"column":6},"end":{"line":157,"column":24}},"105":{"start":{"line":158,"column":6},"end":{"line":160,"column":7}},"106":{"start":{"line":159,"column":8},"end":{"line":159,"column":38}},"107":{"start":{"line":161,"column":6},"end":{"line":164,"column":7}},"108":{"start":{"line":162,"column":8},"end":{"line":162,"column":17}},"109":{"start":{"line":163,"column":8},"end":{"line":163,"column":34}},"110":{"start":{"line":165,"column":6},"end":{"line":172,"column":7}},"111":{"start":{"line":166,"column":8},"end":{"line":171,"column":9}},"112":{"start":{"line":167,"column":10},"end":{"line":167,"column":18}},"113":{"start":{"line":168,"column":10},"end":{"line":168,"column":17}},"114":{"start":{"line":170,"column":10},"end":{"line":170,"column":20}},"115":{"start":{"line":173,"column":6},"end":{"line":173,"column":23}},"116":{"start":{"line":174,"column":6},"end":{"line":177,"column":7}},"117":{"start":{"line":175,"column":8},"end":{"line":175,"column":24}},"118":{"start":{"line":176,"column":8},"end":{"line":176,"column":84}},"119":{"start":{"line":178,"column":6},"end":{"line":178,"column":46}},"120":{"start":{"line":179,"column":6},"end":{"line":179,"column":52}},"121":{"start":{"line":180,"column":6},"end":{"line":183,"column":7}},"122":{"start":{"line":181,"column":8},"end":{"line":181,"column":52}},"123":{"start":{"line":182,"column":8},"end":{"line":182,"column":26}},"124":{"start":{"line":184,"column":6},"end":{"line":184,"column":35}},"125":{"start":{"line":185,"column":6},"end":{"line":187,"column":7}},"126":{"start":{"line":186,"column":8},"end":{"line":186,"column":23}},"127":{"start":{"line":188,"column":6},"end":{"line":188,"column":18}},"128":{"start":{"line":191,"column":4},"end":{"line":223,"column":6}},"129":{"start":{"line":192,"column":6},"end":{"line":192,"column":45}},"130":{"start":{"line":193,"column":6},"end":{"line":195,"column":7}},"131":{"start":{"line":194,"column":8},"end":{"line":194,"column":22}},"132":{"start":{"line":196,"column":6},"end":{"line":196,"column":19}},"133":{"start":{"line":197,"column":6},"end":{"line":218,"column":7}},"134":{"start":{"line":198,"column":8},"end":{"line":198,"column":22}},"135":{"start":{"line":199,"column":8},"end":{"line":206,"column":9}},"136":{"start":{"line":200,"column":10},"end":{"line":205,"column":11}},"137":{"start":{"line":201,"column":12},"end":{"line":201,"column":20}},"138":{"start":{"line":202,"column":12},"end":{"line":202,"column":19}},"139":{"start":{"line":204,"column":12},"end":{"line":204,"column":22}},"140":{"start":{"line":207,"column":8},"end":{"line":217,"column":9}},"141":{"start":{"line":208,"column":10},"end":{"line":208,"column":86}},"142":{"start":{"line":209,"column":10},"end":{"line":209,"column":54}},"143":{"start":{"line":210,"column":10},"end":{"line":210,"column":28}},"144":{"start":{"line":211,"column":10},"end":{"line":211,"column":21}},"145":{"start":{"line":212,"column":10},"end":{"line":212,"column":34}},"146":{"start":{"line":213,"column":10},"end":{"line":213,"column":32}},"147":{"start":{"line":214,"column":10},"end":{"line":214,"column":42}},"148":{"start":{"line":216,"column":10},"end":{"line":216,"column":30}},"149":{"start":{"line":219,"column":6},"end":{"line":221,"column":7}},"150":{"start":{"line":220,"column":8},"end":{"line":220,"column":27}},"151":{"start":{"line":222,"column":6},"end":{"line":222,"column":22}},"152":{"start":{"line":225,"column":4},"end":{"line":269,"column":6}},"153":{"start":{"line":226,"column":6},"end":{"line":226,"column":47}},"154":{"start":{"line":227,"column":6},"end":{"line":227,"column":87}},"155":{"start":{"line":228,"column":6},"end":{"line":237,"column":7}},"156":{"start":{"line":229,"column":8},"end":{"line":229,"column":22}},"157":{"start":{"line":230,"column":8},"end":{"line":236,"column":9}},"158":{"start":{"line":232,"column":12},"end":{"line":232,"column":22}},"159":{"start":{"line":233,"column":12},"end":{"line":233,"column":18}},"160":{"start":{"line":235,"column":12},"end":{"line":235,"column":21}},"161":{"start":{"line":238,"column":6},"end":{"line":238,"column":41}},"162":{"start":{"line":239,"column":6},"end":{"line":244,"column":7}},"163":{"start":{"line":240,"column":8},"end":{"line":242,"column":9}},"164":{"start":{"line":241,"column":10},"end":{"line":241,"column":26}},"165":{"start":{"line":243,"column":8},"end":{"line":243,"column":21}},"166":{"start":{"line":245,"column":6},"end":{"line":252,"column":7}},"167":{"start":{"line":246,"column":8},"end":{"line":251,"column":9}},"168":{"start":{"line":247,"column":10},"end":{"line":247,"column":18}},"169":{"start":{"line":248,"column":10},"end":{"line":248,"column":17}},"170":{"start":{"line":250,"column":10},"end":{"line":250,"column":20}},"171":{"start":{"line":253,"column":6},"end":{"line":268,"column":7}},"172":{"start":{"line":254,"column":8},"end":{"line":258,"column":9}},"173":{"start":{"line":255,"column":10},"end":{"line":255,"column":68}},"174":{"start":{"line":257,"column":10},"end":{"line":257,"column":24}},"175":{"start":{"line":259,"column":8},"end":{"line":261,"column":9}},"176":{"start":{"line":260,"column":10},"end":{"line":260,"column":25}},"177":{"start":{"line":262,"column":8},"end":{"line":262,"column":20}},"178":{"start":{"line":264,"column":8},"end":{"line":266,"column":9}},"179":{"start":{"line":265,"column":10},"end":{"line":265,"column":26}},"180":{"start":{"line":267,"column":8},"end":{"line":267,"column":21}},"181":{"start":{"line":271,"column":4},"end":{"line":299,"column":6}},"182":{"start":{"line":272,"column":6},"end":{"line":272,"column":20}},"183":{"start":{"line":273,"column":6},"end":{"line":278,"column":7}},"184":{"start":{"line":274,"column":8},"end":{"line":276,"column":9}},"185":{"start":{"line":275,"column":10},"end":{"line":275,"column":27}},"186":{"start":{"line":277,"column":8},"end":{"line":277,"column":22}},"187":{"start":{"line":279,"column":6},"end":{"line":286,"column":7}},"188":{"start":{"line":280,"column":8},"end":{"line":285,"column":9}},"189":{"start":{"line":281,"column":10},"end":{"line":281,"column":18}},"190":{"start":{"line":282,"column":10},"end":{"line":282,"column":17}},"191":{"start":{"line":284,"column":10},"end":{"line":284,"column":20}},"192":{"start":{"line":287,"column":6},"end":{"line":298,"column":7}},"193":{"start":{"line":288,"column":8},"end":{"line":288,"column":32}},"194":{"start":{"line":289,"column":8},"end":{"line":291,"column":9}},"195":{"start":{"line":290,"column":10},"end":{"line":290,"column":25}},"196":{"start":{"line":292,"column":8},"end":{"line":292,"column":20}},"197":{"start":{"line":294,"column":8},"end":{"line":296,"column":9}},"198":{"start":{"line":295,"column":10},"end":{"line":295,"column":27}},"199":{"start":{"line":297,"column":8},"end":{"line":297,"column":22}},"200":{"start":{"line":301,"column":4},"end":{"line":308,"column":6}},"201":{"start":{"line":302,"column":6},"end":{"line":302,"column":16}},"202":{"start":{"line":303,"column":6},"end":{"line":303,"column":37}},"203":{"start":{"line":304,"column":6},"end":{"line":306,"column":7}},"204":{"start":{"line":305,"column":8},"end":{"line":305,"column":24}},"205":{"start":{"line":307,"column":6},"end":{"line":307,"column":19}},"206":{"start":{"line":310,"column":4},"end":{"line":312,"column":6}},"207":{"start":{"line":311,"column":6},"end":{"line":311,"column":24}},"208":{"start":{"line":314,"column":4},"end":{"line":329,"column":6}},"209":{"start":{"line":315,"column":6},"end":{"line":317,"column":7}},"210":{"start":{"line":316,"column":8},"end":{"line":316,"column":28}},"211":{"start":{"line":318,"column":6},"end":{"line":318,"column":21}},"212":{"start":{"line":319,"column":6},"end":{"line":325,"column":8}},"213":{"start":{"line":326,"column":6},"end":{"line":326,"column":30}},"214":{"start":{"line":327,"column":6},"end":{"line":327,"column":36}},"215":{"start":{"line":328,"column":6},"end":{"line":328,"column":25}},"216":{"start":{"line":331,"column":4},"end":{"line":333,"column":6}},"217":{"start":{"line":332,"column":6},"end":{"line":332,"column":30}},"218":{"start":{"line":335,"column":4},"end":{"line":351,"column":6}},"219":{"start":{"line":336,"column":6},"end":{"line":336,"column":26}},"220":{"start":{"line":337,"column":6},"end":{"line":339,"column":7}},"221":{"start":{"line":338,"column":8},"end":{"line":338,"column":27}},"222":{"start":{"line":340,"column":6},"end":{"line":340,"column":22}},"223":{"start":{"line":341,"column":6},"end":{"line":344,"column":7}},"224":{"start":{"line":342,"column":8},"end":{"line":342,"column":25}},"225":{"start":{"line":343,"column":8},"end":{"line":343,"column":32}},"226":{"start":{"line":345,"column":6},"end":{"line":350,"column":7}},"227":{"start":{"line":346,"column":8},"end":{"line":346,"column":102}},"228":{"start":{"line":347,"column":8},"end":{"line":349,"column":9}},"229":{"start":{"line":348,"column":10},"end":{"line":348,"column":36}},"230":{"start":{"line":353,"column":4},"end":{"line":357,"column":6}},"231":{"start":{"line":354,"column":6},"end":{"line":356,"column":7}},"232":{"start":{"line":355,"column":8},"end":{"line":355,"column":47}},"233":{"start":{"line":359,"column":4},"end":{"line":367,"column":6}},"234":{"start":{"line":360,"column":6},"end":{"line":366,"column":7}},"235":{"start":{"line":361,"column":8},"end":{"line":361,"column":22}},"236":{"start":{"line":362,"column":8},"end":{"line":362,"column":54}},"237":{"start":{"line":363,"column":8},"end":{"line":363,"column":21}},"238":{"start":{"line":365,"column":8},"end":{"line":365,"column":20}},"239":{"start":{"line":369,"column":4},"end":{"line":376,"column":6}},"240":{"start":{"line":370,"column":6},"end":{"line":370,"column":14}},"241":{"start":{"line":371,"column":6},"end":{"line":375,"column":7}},"242":{"start":{"line":372,"column":8},"end":{"line":374,"column":11}},"243":{"start":{"line":378,"column":4},"end":{"line":404,"column":6}},"244":{"start":{"line":379,"column":6},"end":{"line":379,"column":51}},"245":{"start":{"line":380,"column":6},"end":{"line":382,"column":7}},"246":{"start":{"line":381,"column":8},"end":{"line":381,"column":23}},"247":{"start":{"line":383,"column":6},"end":{"line":385,"column":7}},"248":{"start":{"line":384,"column":8},"end":{"line":384,"column":24}},"249":{"start":{"line":386,"column":6},"end":{"line":386,"column":23}},"250":{"start":{"line":387,"column":6},"end":{"line":387,"column":19}},"251":{"start":{"line":388,"column":6},"end":{"line":388,"column":30}},"252":{"start":{"line":389,"column":6},"end":{"line":399,"column":7}},"253":{"start":{"line":390,"column":8},"end":{"line":390,"column":21}},"254":{"start":{"line":391,"column":13},"end":{"line":399,"column":7}},"255":{"start":{"line":392,"column":8},"end":{"line":392,"column":50}},"256":{"start":{"line":394,"column":8},"end":{"line":398,"column":9}},"257":{"start":{"line":395,"column":10},"end":{"line":395,"column":41}},"258":{"start":{"line":397,"column":10},"end":{"line":397,"column":68}},"259":{"start":{"line":400,"column":6},"end":{"line":403,"column":8}},"260":{"start":{"line":406,"column":4},"end":{"line":421,"column":6}},"261":{"start":{"line":407,"column":6},"end":{"line":409,"column":7}},"262":{"start":{"line":408,"column":8},"end":{"line":408,"column":23}},"263":{"start":{"line":410,"column":6},"end":{"line":412,"column":7}},"264":{"start":{"line":411,"column":8},"end":{"line":411,"column":24}},"265":{"start":{"line":413,"column":6},"end":{"line":419,"column":7}},"266":{"start":{"line":414,"column":8},"end":{"line":418,"column":9}},"267":{"start":{"line":415,"column":10},"end":{"line":415,"column":32}},"268":{"start":{"line":417,"column":10},"end":{"line":417,"column":25}},"269":{"start":{"line":420,"column":6},"end":{"line":420,"column":18}},"270":{"start":{"line":423,"column":4},"end":{"line":425,"column":6}},"271":{"start":{"line":424,"column":6},"end":{"line":424,"column":24}},"272":{"start":{"line":427,"column":4},"end":{"line":441,"column":6}},"273":{"start":{"line":428,"column":6},"end":{"line":440,"column":7}},"274":{"start":{"line":429,"column":8},"end":{"line":429,"column":28}},"275":{"start":{"line":430,"column":13},"end":{"line":440,"column":7}},"276":{"start":{"line":431,"column":8},"end":{"line":431,"column":44}},"277":{"start":{"line":432,"column":13},"end":{"line":440,"column":7}},"278":{"start":{"line":433,"column":8},"end":{"line":433,"column":58}},"279":{"start":{"line":434,"column":13},"end":{"line":440,"column":7}},"280":{"start":{"line":435,"column":8},"end":{"line":435,"column":17}},"281":{"start":{"line":436,"column":13},"end":{"line":440,"column":7}},"282":{"start":{"line":437,"column":8},"end":{"line":437,"column":59}},"283":{"start":{"line":439,"column":8},"end":{"line":439,"column":17}},"284":{"start":{"line":443,"column":4},"end":{"line":458,"column":6}},"285":{"start":{"line":444,"column":6},"end":{"line":444,"column":16}},"286":{"start":{"line":445,"column":6},"end":{"line":447,"column":7}},"287":{"start":{"line":446,"column":8},"end":{"line":446,"column":18}},"288":{"start":{"line":448,"column":6},"end":{"line":448,"column":26}},"289":{"start":{"line":449,"column":6},"end":{"line":449,"column":24}},"290":{"start":{"line":450,"column":6},"end":{"line":450,"column":29}},"291":{"start":{"line":451,"column":6},"end":{"line":451,"column":80}},"292":{"start":{"line":452,"column":6},"end":{"line":452,"column":24}},"293":{"start":{"line":453,"column":6},"end":{"line":457,"column":7}},"294":{"start":{"line":454,"column":8},"end":{"line":454,"column":24}},"295":{"start":{"line":456,"column":8},"end":{"line":456,"column":21}},"296":{"start":{"line":460,"column":4},"end":{"line":468,"column":6}},"297":{"start":{"line":461,"column":6},"end":{"line":461,"column":30}},"298":{"start":{"line":462,"column":6},"end":{"line":462,"column":23}},"299":{"start":{"line":463,"column":6},"end":{"line":463,"column":25}},"300":{"start":{"line":464,"column":6},"end":{"line":467,"column":7}},"301":{"start":{"line":465,"column":8},"end":{"line":465,"column":29}},"302":{"start":{"line":466,"column":8},"end":{"line":466,"column":48}},"303":{"start":{"line":470,"column":4},"end":{"line":474,"column":6}},"304":{"start":{"line":476,"column":4},"end":{"line":476,"column":21}}},"branchMap":{"1":{"line":13,"type":"if","locations":[{"start":{"line":13,"column":65},"end":{"line":13,"column":65}},{"start":{"line":13,"column":65},"end":{"line":13,"column":65}}]},"2":{"line":16,"type":"binary-expr","locations":[{"start":{"line":16,"column":14},"end":{"line":16,"column":24}},{"start":{"line":16,"column":28},"end":{"line":16,"column":151}}]},"3":{"line":16,"type":"if","locations":[{"start":{"line":16,"column":92},"end":{"line":16,"column":92}},{"start":{"line":16,"column":92},"end":{"line":16,"column":92}}]},"4":{"line":16,"type":"binary-expr","locations":[{"start":{"line":16,"column":96},"end":{"line":16,"column":105}},{"sta
[...]
,"column":10},"end":{"line":360,"column":22}},{"start":{"line":360,"column":26},"end":{"line":360,"column":45}}]},"67":{"line":371,"type":"if","locations":[{"start":{"line":371,"column":6},"end":{"line":371,"column":6}},{"start":{"line":371,"column":6},"end":{"line":371,"column":6}}]},"68":{"line":380,"type":"if","locations":[{"start":{"line":380,"column":6},"end":{"line":380,"column":6}},{"start":{"line":380,"column":6},"end":{"line":380,"column":6}}]},"69":{"line":383,"type":"if","locations":[{"start":{"line":383,"column":6},"end":{"line":383,"column":6}},{"start":{"line":383,"column":6},"end":{"line":383,"column":6}}]},"70":{"line":389,"type":"if","locations":[{"start":{"line":389,"column":6},"end":{"line":389,"column":6}},{"start":{"line":389,"column":6},"end":{"line":389,"column":6}}]},"71":{"line":391,"type":"if","locations":[{"start":{"line":391,"column":13},"end":{"line":391,"column":13}},{"start":{"line":391,"column":13},"end":{"line":391,"column":13}}]},"72":{"line":394,"type":"if","locations":[{"start":{"line":394,"column":8},"end":{"line":394,"column":8}},{"start":{"line":394,"column":8},"end":{"line":394,"column":8}}]},"73":{"line":402,"type":"cond-expr","locations":[{"start":{"line":402,"column":21},"end":{"line":402,"column":33}},{"start":{"line":402,"column":36},"end":{"line":402,"column":41}}]},"74":{"line":407,"type":"if","locations":[{"start":{"line":407,"column":6},"end":{"line":407,"column":6}},{"start":{"line":407,"column":6},"end":{"line":407,"column":6}}]},"75":{"line":410,"type":"if","locations":[{"start":{"line":410,"column":6},"end":{"line":410,"column":6}},{"start":{"line":410,"column":6},"end":{"line":410,"column":6}}]},"76":{"line":413,"type":"if","locations":[{"start":{"line":413,"column":6},"end":{"line":413,"column":6}},{"start":{"line":413,"column":6},"end":{"line":413,"column":6}}]},"77":{"line":414,"type":"if","locations":[{"start":{"line":414,"column":8},"end":{"line":414,"column":8}},{"start":{"line":414,"column":8},"end":{"line":414,"column":8}}]},"78":{"line":428,"type":"if","locations":[{"start":{"line":428,"column":6},"end":{"line":428,"column":6}},{"start":{"line":428,"column":6},"end":{"line":428,"column":6}}]},"79":{"line":430,"type":"if","locations":[{"start":{"line":430,"column":13},"end":{"line":430,"column":13}},{"start":{"line":430,"column":13},"end":{"line":430,"column":13}}]},"80":{"line":432,"type":"if","locations":[{"start":{"line":432,"column":13},"end":{"line":432,"column":13}},{"start":{"line":432,"column":13},"end":{"line":432,"column":13}}]},"81":{"line":434,"type":"if","locations":[{"start":{"line":434,"column":13},"end":{"line":434,"column":13}},{"start":{"line":434,"column":13},"end":{"line":434,"column":13}}]},"82":{"line":436,"type":"if","locations":[{"start":{"line":436,"column":13},"end":{"line":436,"column":13}},{"start":{"line":436,"column":13},"end":{"line":436,"column":13}}]},"83":{"line":445,"type":"if","locations":[{"start":{"line":445,"column":6},"end":{"line":445,"column":6}},{"start":{"line":445,"column":6},"end":{"line":445,"column":6}}]},"84":{"line":451,"type":"cond-expr","locations":[{"start":{"line":451,"column":50},"end":{"line":451,"column":73}},{"start":{"line":451,"column":76},"end":{"line":451,"column":79}}]},"85":{"line":453,"type":"if","locations":[{"start":{"line":453,"column":6},"end":{"line":453,"column":6}},{"start":{"line":453,"column":6},"end":{"line":453,"column":6}}]},"86":{"line":453,"type":"binary-expr","locations":[{"start":{"line":453,"column":10},"end":{"line":453,"column":12}},{"start":{"line":453,"column":16},"end":{"line":453,"column":31}}]}},"code":["/*"," * node-cache 4.1.0 ( 2016-12-21 )"," * https://github.com/mpneuried/nodecache"," *"," * Released under the MIT license"," * https://github.com/mpneuried/nodecache/blob/master/LICENSE"," *"," * Maintained by M. Peter ( https://github.com/mpneuried )","*/","(function() {","  var EventEmitter, NodeCache, _assignIn, _isArray, _isFunction, _isNumber, _isObject, _isString, _size, _template, clone,","    bind = function(fn, me){ return function(){ return fn.apply(me, arguments); }; },","    extend = function(child, parent) { for (var key in parent) { if (hasProp.call(parent, key)) child[key] = parent[key]; } function ctor() { this.constructor = child; } ctor.prototype = parent.prototype; child.prototype = new ctor(); child.__super__ = parent.prototype; return child; },","    hasProp = {}.hasOwnProperty,","    slice = [].slice,","    indexOf = [].indexOf || function(item) { for (var i = 0, l = this.length; i < l; i++) { if (i in this && this[i] === item) return i; } return -1; };","","  _assignIn = require(\"lodash/assignIn\");","","  _isArray = require(\"lodash/isArray\");","","  _isString = require(\"lodash/isString\");","","  _isFunction = require(\"lodash/isFunction\");","","  _isNumber = require(\"lodash/isNumber\");","","  _isObject = require(\"lodash/isObject\");","","  _size = require(\"lodash/size\");","","  _template = require(\"lodash/template\");","","  clone = require(\"clone\");","","  EventEmitter = require('events').EventEmitter;","","  module.exports = NodeCache = (function(superClass) {","    extend(NodeCache, superClass);","","    function NodeCache(options) {","      this.options = options != null ? options : {};","      this._initErrors = bind(this._initErrors, this);","      this._error = bind(this._error, this);","      this._getValLength = bind(this._getValLength, this);","      this._wrap = bind(this._wrap, this);","      this._isInvalidKey = bind(this._isInvalidKey, this);","      this._check = bind(this._check, this);","      this._checkData = bind(this._checkData, this);","      this.close = bind(this.close, this);","      this.flushAll = bind(this.flushAll, this);","      this.getStats = bind(this.getStats, this);","      this.keys = bind(this.keys, this);","      this.getTtl = bind(this.getTtl, this);","      this.ttl = bind(this.ttl, this);","      this.del = bind(this.del, this);","      this.set = bind(this.set, this);","      this.mget = bind(this.mget, this);","      this.get = bind(this.get, this);","      this._initErrors();","      this.data = {};","      this.options = _assignIn({","        forceString: false,","        objectValueSize: 80,","        arrayValueSize: 40,","        stdTTL: 0,","        checkperiod: 600,","        useClones: true,","        errorOnMissing: false","      }, this.options);","      this.stats = {","        hits: 0,","        misses: 0,","        keys: 0,","        ksize: 0,","        vsize: 0","      };","      this.validKeyTypes = [\"string\", \"number\"];","      this._checkData();","      return;","    }","","    NodeCache.prototype.get = function(key, cb, errorOnMissing) {","      var _err, _ret, err;","      if (typeof cb === \"boolean\" && arguments.length === 2) {","        errorOnMissing = cb;","        cb = void 0;","      }","      if ((err = this._isInvalidKey(key)) != null) {","        if (cb != null) {","          cb(err);","          return;","        } else {","          throw err;","        }","      }","      if ((this.data[key] != null) && this._check(key, this.data[key])) {","        this.stats.hits++;","        _ret = this._unwrap(this.data[key]);","        if (cb != null) {","          cb(null, _ret);","        }","        return _ret;","      } else {","        this.stats.misses++;","        if (this.options.errorOnMissing || errorOnMissing) {","          _err = this._error(\"ENOTFOUND\", {","            key: key","          }, cb);","          if (_err != null) {","            throw _err;","          }","          return;","        } else {","          if (cb != null) {","            cb(null, void 0);","          }","        }","        return void 0;","      }","    };","","    NodeCache.prototype.mget = function(keys, cb) {","      var _err, err, i, key, len, oRet;","      if (!_isArray(keys)) {","        _err = this._error(\"EKEYSTYPE\");","        if (cb != null) {","          cb(_err);","        }","        return _err;","      }","      oRet = {};","      for (i = 0, len = keys.length; i < len; i++) {","        key = keys[i];","        if ((err = this._isInvalidKey(key)) != null) {","          if (cb != null) {","            cb(err);","            return;","          } else {","            throw err;","          }","        }","        if ((this.data[key] != null) && this._check(key, this.data[key])) {","          this.stats.hits++;","          oRet[key] = this._unwrap(this.data[key]);","        } else {","          this.stats.misses++;","        }","      }","      if (cb != null) {","        cb(null, oRet);","      }","      return oRet;","    };","","    NodeCache.prototype.set = function(key, value, ttl, cb) {","      var err, existent;","      if (this.options.forceString && !_isString(value)) {","        value = JSON.stringify(value);","      }","      if (arguments.length === 3 && _isFunction(ttl)) {","        cb = ttl;","        ttl = this.options.stdTTL;","      }","      if ((err = this._isInvalidKey(key)) != null) {","        if (cb != null) {","          cb(err);","          return;","        } else {","          throw err;","        }","      }","      existent = false;","      if (this.data[key]) {","        existent = true;","        this.stats.vsize -= this._getValLength(this._unwrap(this.data[key], false));","      }","      this.data[key] = this._wrap(value, ttl);","      this.stats.vsize += this._getValLength(value);","      if (!existent) {","        this.stats.ksize += this._getKeyLength(key);","        this.stats.keys++;","      }","      this.emit(\"set\", key, value);","      if (cb != null) {","        cb(null, true);","      }","      return true;","    };","","    NodeCache.prototype.del = function(keys, cb) {","      var delCount, err, i, key, len, oldVal;","      if (!_isArray(keys)) {","        keys = [keys];","      }","      delCount = 0;","      for (i = 0, len = keys.length; i < len; i++) {","        key = keys[i];","        if ((err = this._isInvalidKey(key)) != null) {","          if (cb != null) {","            cb(err);","            return;","          } else {","            throw err;","          }","        }","        if (this.data[key] != null) {","          this.stats.vsize -= this._getValLength(this._unwrap(this.data[key], false));","          this.stats.ksize -= this._getKeyLength(key);","          this.stats.keys--;","          delCount++;","          oldVal = this.data[key];","          delete this.data[key];","          this.emit(\"del\", key, oldVal.v);","        } else {","          this.stats.misses++;","        }","      }","      if (cb != null) {","        cb(null, delCount);","      }","      return delCount;","    };","","    NodeCache.prototype.ttl = function() {","      var arg, args, cb, err, i, key, len, ttl;","      key = arguments[0], args = 2 <= arguments.length ? slice.call(arguments, 1) : [];","      for (i = 0, len = args.length; i < len; i++) {","        arg = args[i];","        switch (typeof arg) {","          case \"number\":","            ttl = arg;","            break;","          case \"function\":","            cb = arg;","        }","      }","      ttl || (ttl = this.options.stdTTL);","      if (!key) {","        if (cb != null) {","          cb(null, false);","        }","        return false;","      }","      if ((err = this._isInvalidKey(key)) != null) {","        if (cb != null) {","          cb(err);","          return;","        } else {","          throw err;","        }","      }","      if ((this.data[key] != null) && this._check(key, this.data[key])) {","        if (ttl >= 0) {","          this.data[key] = this._wrap(this.data[key].v, ttl, false);","        } else {","          this.del(key);","        }","        if (cb != null) {","          cb(null, true);","        }","        return true;","      } else {","        if (cb != null) {","          cb(null, false);","        }","        return false;","      }","    };","","    NodeCache.prototype.getTtl = function(key, cb) {","      var _ttl, err;","      if (!key) {","        if (cb != null) {","          cb(null, void 0);","        }","        return void 0;","      }","      if ((err = this._isInvalidKey(key)) != null) {","        if (cb != null) {","          cb(err);","          return;","        } else {","          throw err;","        }","      }","      if ((this.data[key] != null) && this._check(key, this.data[key])) {","        _ttl = this.data[key].t;","        if (cb != null) {","          cb(null, _ttl);","        }","        return _ttl;","      } else {","        if (cb != null) {","          cb(null, void 0);","        }","        return void 0;","      }","    };","","    NodeCache.prototype.keys = function(cb) {","      var _keys;","      _keys = Object.keys(this.data);","      if (cb != null) {","        cb(null, _keys);","      }","      return _keys;","    };","","    NodeCache.prototype.getStats = function() {","      return this.stats;","    };","","    NodeCache.prototype.flushAll = function(_startPeriod) {","      if (_startPeriod == null) {","        _startPeriod = true;","      }","      this.data = {};","      this.stats = {","        hits: 0,","        misses: 0,","        keys: 0,","        ksize: 0,","        vsize: 0","      };","      this._killCheckPeriod();","      this._checkData(_startPeriod);","      this.emit(\"flush\");","    };","","    NodeCache.prototype.close = function() {","      this._killCheckPeriod();","    };","","    NodeCache.prototype._checkData = function(startPeriod) {","      var key, ref, value;","      if (startPeriod == null) {","        startPeriod = true;","      }","      ref = this.data;","      for (key in ref) {","        value = ref[key];","        this._check(key, value);","      }","      if (startPeriod && this.options.checkperiod > 0) {","        this.checkTimeout = setTimeout(this._checkData, this.options.checkperiod * 1000, startPeriod);","        if (this.checkTimeout.unref != null) {","          this.checkTimeout.unref();","        }","      }","    };","","    NodeCache.prototype._killCheckPeriod = function() {","      if (this.checkTimeout != null) {","        return clearTimeout(this.checkTimeout);","      }","    };","","    NodeCache.prototype._check = function(key, data) {","      if (data.t !== 0 && data.t < Date.now()) {","        this.del(key);","        this.emit(\"expired\", key, this._unwrap(data));","        return false;","      } else {","        return true;","      }","    };","","    NodeCache.prototype._isInvalidKey = function(key) {","      var ref;","      if (ref = typeof key, indexOf.call(this.validKeyTypes, ref) < 0) {","        return this._error(\"EKEYTYPE\", {","          type: typeof key","        });","      }","    };","","    NodeCache.prototype._wrap = function(value, ttl, asClone) {","      var livetime, now, oReturn, ttlMultiplicator;","      if (asClone == null) {","        asClone = true;","      }","      if (!this.options.useClones) {","        asClone = false;","      }","      now = Date.now();","      livetime = 0;","      ttlMultiplicator = 1000;","      if (ttl === 0) {","        livetime = 0;","      } else if (ttl) {","        livetime = now + (ttl * ttlMultiplicator);","      } else {","        if (this.options.stdTTL === 0) {","          livetime = this.options.stdTTL;","        } else {","          livetime = now + (this.options.stdTTL * ttlMultiplicator);","        }","      }","      return oReturn = {","        t: livetime,","        v: asClone ? clone(value) : value","      };","    };","","    NodeCache.prototype._unwrap = function(value, asClone) {","      if (asClone == null) {","        asClone = true;","      }","      if (!this.options.useClones) {","        asClone = false;","      }","      if (value.v != null) {","        if (asClone) {","          return clone(value.v);","        } else {","          return value.v;","        }","      }","      return null;","    };","","    NodeCache.prototype._getKeyLength = function(key) {","      return key.length;","    };","","    NodeCache.prototype._getValLength = function(value) {","      if (_isString(value)) {","        return value.length;","      } else if (this.options.forceString) {","        return JSON.stringify(value).length;","      } else if (_isArray(value)) {","        return this.options.arrayValueSize * value.length;","      } else if (_isNumber(value)) {","        return 8;","      } else if (_isObject(value)) {","        return this.options.objectValueSize * _size(value);","      } else {","        return 0;","      }","    };","","    NodeCache.prototype._error = function(type, data, cb) {","      var error;","      if (data == null) {","        data = {};","      }","      error = new Error();","      error.name = type;","      error.errorcode = type;","      error.message = this.ERRORS[type] != null ? this.ERRORS[type](data) : \"-\";","      error.data = data;","      if (cb && _isFunction(cb)) {","        cb(error, null);","      } else {","        return error;","      }","    };","","    NodeCache.prototype._initErrors = function() {","      var _errMsg, _errT, ref;","      this.ERRORS = {};","      ref = this._ERRORS;","      for (_errT in ref) {","        _errMsg = ref[_errT];","        this.ERRORS[_errT] = _template(_errMsg);","      }","    };","","    NodeCache.prototype._ERRORS = {","      \"ENOTFOUND\": \"Key `<%= key %>` not found\",","      \"EKEYTYPE\": \"The key argument has to be of type `string` or `number`. Found: `<%= type %>`\",","      \"EKEYSTYPE\": \"The keys argument has to be an array.\"","    };","","    return NodeCache;","","  })(EventEmitter);","","}).call(this);",""],"l":{"10":1,"11":1,"12":0,"13":5,"16":0,"18":1,"20":1,"22":1,"24":1,"26":1,"28":1,"30":1,"32":1,"34":1,"36":1,"38":1,"39":1,"41":1,"42":0,"43":0,"44":0,"45":0,"46":0,"47":0,"48":0,"49":0,"50":0,"51":0,"52":0,"53":0,"54":0,"55":0,"56":0,"57":0,"58":0,"59":0,"60":0,"61":0,"62":0,"71":0,"78":0,"79":0,"80":0,"83":1,"84":0,"85":0,"86":0,"87":0,"89":0,"90":0,"91":0,"92":0,"94":0,"97":0,"98":0,"99":0,"100":0,"101":0,"103":0,"105":0,"106":0,"107":0,"110":0,"111":0,"113":0,"115":0,"116":0,"119":0,"123":1,"124":0,"125":0,"126":0,"127":0,"128":0,"130":0,"132":0,"133":0,"134":0,"135":0,"136":0,"137":0,"138":0,"140":0,"143":0,"144":0,"145":0,"147":0,"150":0,"151":0,"153":0,"156":1,"157":0,"158":0,"159":0,"161":0,"162":0,"163":0,"165":0,"166":0,"167":0,"168":0,"170":0,"173":0,"174":0,"175":0,"176":0,"178":0,"179":0,"180":0,"181":0,"182":0,"184":0,"185":0,"186":0,"188":0,"191":1,"192":0,"193":0,"194":0,"196":0,"197":0,"198":0,"199":0,"200":0,"201":0,"202":0,"204":0,"207":0,"208":0,"209":0,"210":0,"211":0,"212":0,"213":0,"214":0,"216":0,"219":0,"220":0,"222":0,"225":1,"226":0,"227":0,"228":0,"229":0,"230":0,"232":0,"233":0,"235":0,"238":0,"239":0,"240":0,"241":0,"243":0,"245":0,"246":0,"247":0,"248":0,"250":0,"253":0,"254":0,"255":0,"257":0,"259":0,"260":0,"262":0,"264":0,"265":0,"267":0,"271":1,"272":0,"273":0,"274":0,"275":0,"277":0,"279":0,"280":0,"281":0,"282":0,"284":0,"287":0,"288":0,"289":0,"290":0,"292":0,"294":0,"295":0,"297":0,"301":1,"302":0,"303":0,"304":0,"305":0,"307":0,"310":1,"311":0,"314":1,"315":0,"316":0,"318":0,"319":0,"326":0,"327":0,"328":0,"331":1,"332":0,"335":1,"336":0,"337":0,"338":0,"340":0,"341":0,"342":0,"343":0,"345":0,"346":0,"347":0,"348":0,"353":1,"354":0,"355":0,"359":1,"360":0,"361":0,"362":0,"363":0,"365":0,"369":1,"370":0,"371":0,"372":0,"378":1,"379":0,"380":0,"381":0,"383":0,"384":0,"386":0,"387":0,"388":0,"389":0,"390":0,"391":0,"392":0,"394":0,"395":0,"397":0,"400":0,"406":1,"407":0,"408":0,"410":0,"411":0,"413":0,"414":0,"415":0,"417":0,"420":0,"423":1,"424":0,"427":1,"428":0,"429":0,"430":0,"431":0,"432":0,"433":0,"434":0,"435":0,"436":0,"437":0,"439":0,"443":1,"444":0,"445":0,"446":0,"448":0,"449":0,"450":0,"451":0,"452":0,"453":0,"454":0,"456":0,"460":1,"461":0,"462":0,"463":0,"464":0,"465":0,"466":0,"470":1,"476":1}}}